This is pdfTeX, Version 3.14159265-2.6-1.40.21 (TeX Live 2020) (preloaded format=pdflatex 2020.11.25)  13 FEB 2021 21:48
entering extended mode
 restricted \write18 enabled.
 %&-line parsing enabled.
**MEM5220_R.tex
(./MEM5220_R.tex
LaTeX2e <2020-10-01> patch level 2
L3 programming layer <2020-10-27> xparse <2020-03-03> (/usr/local/texlive/2020/
texmf-dist/tex/latex/base/book.cls
Document Class: book 2020/04/10 v1.4m Standard LaTeX document class
(/usr/local/texlive/2020/texmf-dist/tex/latex/base/bk10.clo
File: bk10.clo 2020/04/10 v1.4m Standard LaTeX file (size option)
)
\c@part=\count175
\c@chapter=\count176
\c@section=\count177
\c@subsection=\count178
\c@subsubsection=\count179
\c@paragraph=\count180
\c@subparagraph=\count181
\c@figure=\count182
\c@table=\count183
\abovecaptionskip=\skip47
\belowcaptionskip=\skip48
\bibindent=\dimen138
) (/usr/local/texlive/2020/texmf-dist/tex/latex/amsmath/amsmath.sty
Package: amsmath 2020/09/23 v2.17i AMS math features
\@mathmargin=\skip49
For additional information on amsmath, use the `?' option.
(/usr/local/texlive/2020/texmf-dist/tex/latex/amsmath/amstext.sty
Package: amstext 2000/06/29 v2.01 AMS text
(/usr/local/texlive/2020/texmf-dist/tex/latex/amsmath/amsgen.sty
File: amsgen.sty 1999/11/30 v2.0 generic functions
\@emptytoks=\toks15
\ex@=\dimen139
)) (/usr/local/texlive/2020/texmf-dist/tex/latex/amsmath/amsbsy.sty
Package: amsbsy 1999/11/29 v1.2d Bold Symbols
\pmbraise@=\dimen140
) (/usr/local/texlive/2020/texmf-dist/tex/latex/amsmath/amsopn.sty
Package: amsopn 2016/03/08 v2.02 operator names
)
\inf@bad=\count184
LaTeX Info: Redefining \frac on input line 234.
\uproot@=\count185
\leftroot@=\count186
LaTeX Info: Redefining \overline on input line 399.
\classnum@=\count187
\DOTSCASE@=\count188
LaTeX Info: Redefining \ldots on input line 496.
LaTeX Info: Redefining \dots on input line 499.
LaTeX Info: Redefining \cdots on input line 620.
\Mathstrutbox@=\box47
\strutbox@=\box48
\big@size=\dimen141
LaTeX Font Info:    Redeclaring font encoding OML on input line 743.
LaTeX Font Info:    Redeclaring font encoding OMS on input line 744.
\macc@depth=\count189
\c@MaxMatrixCols=\count190
\dotsspace@=\muskip16
\c@parentequation=\count191
\dspbrk@lvl=\count192
\tag@help=\toks16
\row@=\count193
\column@=\count194
\maxfields@=\count195
\andhelp@=\toks17
\eqnshift@=\dimen142
\alignsep@=\dimen143
\tagshift@=\dimen144
\tagwidth@=\dimen145
\totwidth@=\dimen146
\lineht@=\dimen147
\@envbody=\toks18
\multlinegap=\skip50
\multlinetaggap=\skip51
\mathdisplay@stack=\toks19
LaTeX Info: Redefining \[ on input line 2923.
LaTeX Info: Redefining \] on input line 2924.
) (/usr/local/texlive/2020/texmf-dist/tex/latex/amsfonts/amssymb.sty
Package: amssymb 2013/01/14 v3.01 AMS font symbols
(/usr/local/texlive/2020/texmf-dist/tex/latex/amsfonts/amsfonts.sty
Package: amsfonts 2013/01/14 v3.01 Basic AMSFonts support
\symAMSa=\mathgroup4
\symAMSb=\mathgroup5
LaTeX Font Info:    Redeclaring math symbol \hbar on input line 98.
LaTeX Font Info:    Overwriting math alphabet `\mathfrak' in version `bold'
(Font)                  U/euf/m/n --> U/euf/b/n on input line 106.
)) (/usr/local/texlive/2020/texmf-dist/tex/latex/lm/lmodern.sty
Package: lmodern 2009/10/30 v1.6 Latin Modern Fonts
LaTeX Font Info:    Overwriting symbol font `operators' in version `normal'
(Font)                  OT1/cmr/m/n --> OT1/lmr/m/n on input line 22.
LaTeX Font Info:    Overwriting symbol font `letters' in version `normal'
(Font)                  OML/cmm/m/it --> OML/lmm/m/it on input line 23.
LaTeX Font Info:    Overwriting symbol font `symbols' in version `normal'
(Font)                  OMS/cmsy/m/n --> OMS/lmsy/m/n on input line 24.
LaTeX Font Info:    Overwriting symbol font `largesymbols' in version `normal'
(Font)                  OMX/cmex/m/n --> OMX/lmex/m/n on input line 25.
LaTeX Font Info:    Overwriting symbol font `operators' in version `bold'
(Font)                  OT1/cmr/bx/n --> OT1/lmr/bx/n on input line 26.
LaTeX Font Info:    Overwriting symbol font `letters' in version `bold'
(Font)                  OML/cmm/b/it --> OML/lmm/b/it on input line 27.
LaTeX Font Info:    Overwriting symbol font `symbols' in version `bold'
(Font)                  OMS/cmsy/b/n --> OMS/lmsy/b/n on input line 28.
LaTeX Font Info:    Overwriting symbol font `largesymbols' in version `bold'
(Font)                  OMX/cmex/m/n --> OMX/lmex/m/n on input line 29.
LaTeX Font Info:    Overwriting math alphabet `\mathbf' in version `normal'
(Font)                  OT1/cmr/bx/n --> OT1/lmr/bx/n on input line 31.
LaTeX Font Info:    Overwriting math alphabet `\mathsf' in version `normal'
(Font)                  OT1/cmss/m/n --> OT1/lmss/m/n on input line 32.
LaTeX Font Info:    Overwriting math alphabet `\mathit' in version `normal'
(Font)                  OT1/cmr/m/it --> OT1/lmr/m/it on input line 33.
LaTeX Font Info:    Overwriting math alphabet `\mathtt' in version `normal'
(Font)                  OT1/cmtt/m/n --> OT1/lmtt/m/n on input line 34.
LaTeX Font Info:    Overwriting math alphabet `\mathbf' in version `bold'
(Font)                  OT1/cmr/bx/n --> OT1/lmr/bx/n on input line 35.
LaTeX Font Info:    Overwriting math alphabet `\mathsf' in version `bold'
(Font)                  OT1/cmss/bx/n --> OT1/lmss/bx/n on input line 36.
LaTeX Font Info:    Overwriting math alphabet `\mathit' in version `bold'
(Font)                  OT1/cmr/bx/it --> OT1/lmr/bx/it on input line 37.
LaTeX Font Info:    Overwriting math alphabet `\mathtt' in version `bold'
(Font)                  OT1/cmtt/m/n --> OT1/lmtt/m/n on input line 38.
) (/usr/local/texlive/2020/texmf-dist/tex/generic/iftex/ifxetex.sty
Package: ifxetex 2019/10/25 v0.7 ifxetex legacy package. Use iftex instead.
(/usr/local/texlive/2020/texmf-dist/tex/generic/iftex/iftex.sty
Package: iftex 2020/03/06 v1.0d TeX engine tests
)) (/usr/local/texlive/2020/texmf-dist/tex/generic/iftex/ifluatex.sty
Package: ifluatex 2019/10/25 v1.5 ifluatex legacy package. Use iftex instead.
) (/usr/local/texlive/2020/texmf-dist/tex/latex/base/fontenc.sty
Package: fontenc 2020/08/10 v2.0s Standard LaTeX package
LaTeX Font Info:    Trying to load font information for T1+lmr on input line 11
2.
(/usr/local/texlive/2020/texmf-dist/tex/latex/lm/t1lmr.fd
File: t1lmr.fd 2009/10/30 v1.6 Font defs for Latin Modern
)) (/usr/local/texlive/2020/texmf-dist/tex/latex/base/inputenc.sty
Package: inputenc 2020/08/01 v1.3d Input encoding file
\inpenc@prehook=\toks20
\inpenc@posthook=\toks21
) (/usr/local/texlive/2020/texmf-dist/tex/latex/base/textcomp.sty
Package: textcomp 2020/02/02 v2.0n Standard LaTeX package
) (/usr/local/texlive/2020/texmf-dist/tex/latex/upquote/upquote.sty
Package: upquote 2012/04/19 v1.3 upright-quote and grave-accent glyphs in verba
tim
) (/usr/local/texlive/2020/texmf-dist/tex/latex/microtype/microtype.sty
Package: microtype 2019/11/18 v2.7d Micro-typographical refinements (RS)
(/usr/local/texlive/2020/texmf-dist/tex/latex/graphics/keyval.sty
Package: keyval 2014/10/28 v1.15 key=value parser (DPC)
\KV@toks@=\toks22
)
\MT@toks=\toks23
\MT@count=\count196
LaTeX Info: Redefining \textls on input line 790.
\MT@outer@kern=\dimen148
LaTeX Info: Redefining \textmicrotypecontext on input line 1354.
\MT@listname@count=\count197
(/usr/local/texlive/2020/texmf-dist/tex/latex/microtype/microtype-pdftex.def
File: microtype-pdftex.def 2019/11/18 v2.7d Definitions specific to pdftex (RS)

LaTeX Info: Redefining \lsstyle on input line 914.
LaTeX Info: Redefining \lslig on input line 914.
\MT@outer@space=\skip52
)
Package microtype Info: Loading configuration file microtype.cfg.
(/usr/local/texlive/2020/texmf-dist/tex/latex/microtype/microtype.cfg
File: microtype.cfg 2019/11/18 v2.7d microtype main configuration file (RS)
)) (/usr/local/texlive/2020/texmf-dist/tex/latex/parskip/parskip.sty
Package: parskip 2020-06-15 v2.0f non-zero parskip adjustments
(/usr/local/texlive/2020/texmf-dist/tex/latex/kvoptions/kvoptions.sty
Package: kvoptions 2020-10-07 v3.14 Key value format for package options (HO)
(/usr/local/texlive/2020/texmf-dist/tex/generic/ltxcmds/ltxcmds.sty
Package: ltxcmds 2020-05-10 v1.25 LaTeX kernel commands for general use (HO)
) (/usr/local/texlive/2020/texmf-dist/tex/generic/kvsetkeys/kvsetkeys.sty
Package: kvsetkeys 2019/12/15 v1.18 Key value parser (HO)
)) (/usr/local/texlive/2020/texmf-dist/tex/latex/etoolbox/etoolbox.sty
Package: etoolbox 2020/10/05 v2.5k e-TeX tools for LaTeX (JAW)
\etb@tempcnta=\count198
)) (/usr/local/texlive/2020/texmf-dist/tex/latex/xcolor/xcolor.sty
Package: xcolor 2016/05/11 v2.12 LaTeX color extensions (UK)
(/usr/local/texlive/2020/texmf-dist/tex/latex/graphics-cfg/color.cfg
File: color.cfg 2016/01/02 v1.6 sample color configuration
)
Package xcolor Info: Driver file: pdftex.def on input line 225.
(/usr/local/texlive/2020/texmf-dist/tex/latex/graphics-def/pdftex.def
File: pdftex.def 2020/10/05 v1.2a Graphics/color driver for pdftex
)
Package xcolor Info: Model `cmy' substituted by `cmy0' on input line 1348.
Package xcolor Info: Model `hsb' substituted by `rgb' on input line 1352.
Package xcolor Info: Model `RGB' extended on input line 1364.
Package xcolor Info: Model `HTML' substituted by `rgb' on input line 1366.
Package xcolor Info: Model `Hsb' substituted by `hsb' on input line 1367.
Package xcolor Info: Model `tHsb' substituted by `hsb' on input line 1368.
Package xcolor Info: Model `HSB' substituted by `hsb' on input line 1369.
Package xcolor Info: Model `Gray' substituted by `gray' on input line 1370.
Package xcolor Info: Model `wave' substituted by `hsb' on input line 1371.
) (/usr/local/texlive/2020/texmf-dist/tex/latex/xurl/xurl.sty
Package: xurl 2020/01/24 v 0.09 modify URL breaks
(/usr/local/texlive/2020/texmf-dist/tex/latex/url/url.sty
\Urlmuskip=\muskip17
Package: url 2013/09/16  ver 3.4  Verb mode for urls, etc.
)) (/usr/local/texlive/2020/texmf-dist/tex/latex/bookmark/bookmark.sty
Package: bookmark 2020-11-06 v1.29 PDF bookmarks (HO)
(/usr/local/texlive/2020/texmf-dist/tex/latex/hyperref/hyperref.sty
Package: hyperref 2020-05-15 v7.00e Hypertext links for LaTeX
(/usr/local/texlive/2020/texmf-dist/tex/generic/pdftexcmds/pdftexcmds.sty
Package: pdftexcmds 2020-06-27 v0.33 Utility functions of pdfTeX for LuaTeX (HO
)
(/usr/local/texlive/2020/texmf-dist/tex/generic/infwarerr/infwarerr.sty
Package: infwarerr 2019/12/03 v1.5 Providing info/warning/error messages (HO)
)
Package pdftexcmds Info: \pdf@primitive is available.
Package pdftexcmds Info: \pdf@ifprimitive is available.
Package pdftexcmds Info: \pdfdraftmode found.
) (/usr/local/texlive/2020/texmf-dist/tex/generic/kvdefinekeys/kvdefinekeys.sty
Package: kvdefinekeys 2019-12-19 v1.6 Define keys (HO)
) (/usr/local/texlive/2020/texmf-dist/tex/generic/pdfescape/pdfescape.sty
Package: pdfescape 2019/12/09 v1.15 Implements pdfTeX's escape features (HO)
) (/usr/local/texlive/2020/texmf-dist/tex/latex/hycolor/hycolor.sty
Package: hycolor 2020-01-27 v1.10 Color options for hyperref/bookmark (HO)
) (/usr/local/texlive/2020/texmf-dist/tex/latex/letltxmacro/letltxmacro.sty
Package: letltxmacro 2019/12/03 v1.6 Let assignment for LaTeX macros (HO)
) (/usr/local/texlive/2020/texmf-dist/tex/latex/auxhook/auxhook.sty
Package: auxhook 2019-12-17 v1.6 Hooks for auxiliary files (HO)
)
\@linkdim=\dimen149
\Hy@linkcounter=\count199
\Hy@pagecounter=\count266
(/usr/local/texlive/2020/texmf-dist/tex/latex/hyperref/pd1enc.def
File: pd1enc.def 2020-05-15 v7.00e Hyperref: PDFDocEncoding definition (HO)
Now handling font encoding PD1 ...
... no UTF-8 mapping file for font encoding PD1
) (/usr/local/texlive/2020/texmf-dist/tex/generic/intcalc/intcalc.sty
Package: intcalc 2019/12/15 v1.3 Expandable calculations with integers (HO)
) (/usr/local/texlive/2020/texmf-dist/tex/generic/etexcmds/etexcmds.sty
Package: etexcmds 2019/12/15 v1.7 Avoid name clashes with e-TeX commands (HO)
)
\Hy@SavedSpaceFactor=\count267
Package hyperref Info: Option `unicode' set `true' on input line 4338.
(/usr/local/texlive/2020/texmf-dist/tex/latex/hyperref/puenc.def
File: puenc.def 2020-05-15 v7.00e Hyperref: PDF Unicode definition (HO)
Now handling font encoding PU ...
... no UTF-8 mapping file for font encoding PU
)
Package hyperref Info: Hyper figures OFF on input line 4464.
Package hyperref Info: Link nesting OFF on input line 4469.
Package hyperref Info: Hyper index ON on input line 4472.
Package hyperref Info: Plain pages OFF on input line 4479.
Package hyperref Info: Backreferencing OFF on input line 4484.
Package hyperref Info: Implicit mode ON; LaTeX internals redefined.
Package hyperref Info: Bookmarks ON on input line 4717.
\c@Hy@tempcnt=\count268
LaTeX Info: Redefining \url on input line 5076.
\XeTeXLinkMargin=\dimen150
(/usr/local/texlive/2020/texmf-dist/tex/generic/bitset/bitset.sty
Package: bitset 2019/12/09 v1.3 Handle bit-vector datatype (HO)
(/usr/local/texlive/2020/texmf-dist/tex/generic/bigintcalc/bigintcalc.sty
Package: bigintcalc 2019/12/15 v1.5 Expandable calculations on big integers (HO
)
))
\Fld@menulength=\count269
\Field@Width=\dimen151
\Fld@charsize=\dimen152
Package hyperref Info: Hyper figures OFF on input line 6347.
Package hyperref Info: Link nesting OFF on input line 6352.
Package hyperref Info: Hyper index ON on input line 6355.
Package hyperref Info: backreferencing OFF on input line 6362.
Package hyperref Info: Link coloring OFF on input line 6367.
Package hyperref Info: Link coloring with OCG OFF on input line 6372.
Package hyperref Info: PDF/A mode OFF on input line 6377.
LaTeX Info: Redefining \ref on input line 6417.
LaTeX Info: Redefining \pageref on input line 6421.
(/usr/local/texlive/2020/texmf-dist/tex/latex/base/atbegshi-ltx.sty
Package: atbegshi-ltx 2020/08/17 v1.0a Emulation of the original atbegshi packa
ge
with kernel methods
)
\Hy@abspage=\count270
\c@Item=\count271
\c@Hfootnote=\count272
)
Package hyperref Info: Driver (autodetected): hpdftex.
(/usr/local/texlive/2020/texmf-dist/tex/latex/hyperref/hpdftex.def
File: hpdftex.def 2020-05-15 v7.00e Hyperref driver for pdfTeX
(/usr/local/texlive/2020/texmf-dist/tex/latex/base/atveryend-ltx.sty
Package: atveryend-ltx 2020/08/19 v1.0a Emulation of the original atvery packag
e
with kernel methods
)
\Fld@listcount=\count273
\c@bookmark@seq@number=\count274

(/usr/local/texlive/2020/texmf-dist/tex/latex/rerunfilecheck/rerunfilecheck.sty
Package: rerunfilecheck 2019/12/05 v1.9 Rerun checks for auxiliary files (HO)

(/usr/local/texlive/2020/texmf-dist/tex/generic/uniquecounter/uniquecounter.sty
Package: uniquecounter 2019/12/15 v1.4 Provide unlimited unique counter (HO)
)
Package uniquecounter Info: New unique counter `rerunfilecheck' on input line 2
86.
)
\Hy@SectionHShift=\skip53
) (/usr/local/texlive/2020/texmf-dist/tex/latex/bookmark/bkm-pdftex.def
File: bkm-pdftex.def 2020-11-06 v1.29 bookmark driver for pdfTeX (HO)
\BKM@id=\count275
)) (/usr/local/texlive/2020/texmf-dist/tex/latex/fancyvrb/fancyvrb.sty
Package: fancyvrb 2020/05/03 v3.6 verbatim text (tvz,hv)
\FV@CodeLineNo=\count276
\FV@InFile=\read2
\FV@TabBox=\box49
\c@FancyVerbLine=\count277
\FV@StepNumber=\count278
\FV@OutFile=\write3
) (/usr/local/texlive/2020/texmf-dist/tex/latex/framed/framed.sty
Package: framed 2011/10/22 v 0.96: framed or shaded text with page breaks
\OuterFrameSep=\skip54
\fb@frw=\dimen153
\fb@frh=\dimen154
\FrameRule=\dimen155
\FrameSep=\dimen156
) (/usr/local/texlive/2020/texmf-dist/tex/latex/tools/longtable.sty
Package: longtable 2020/01/07 v4.13 Multi-page Table package (DPC)
\LTleft=\skip55
\LTright=\skip56
\LTpre=\skip57
\LTpost=\skip58
\LTchunksize=\count279
\LTcapwidth=\dimen157
\LT@head=\box50
\LT@firsthead=\box51
\LT@foot=\box52
\LT@lastfoot=\box53
\LT@cols=\count280
\LT@rows=\count281
\c@LT@tables=\count282
\c@LT@chunks=\count283
\LT@p@ftn=\toks24
) (/usr/local/texlive/2020/texmf-dist/tex/latex/booktabs/booktabs.sty
Package: booktabs 2020/01/12 v1.61803398 Publication quality tables
\heavyrulewidth=\dimen158
\lightrulewidth=\dimen159
\cmidrulewidth=\dimen160
\belowrulesep=\dimen161
\belowbottomsep=\dimen162
\aboverulesep=\dimen163
\abovetopsep=\dimen164
\cmidrulesep=\dimen165
\cmidrulekern=\dimen166
\defaultaddspace=\dimen167
\@cmidla=\count284
\@cmidlb=\count285
\@aboverulesep=\dimen168
\@belowrulesep=\dimen169
\@thisruleclass=\count286
\@lastruleclass=\count287
\@thisrulewidth=\dimen170
) (/usr/local/texlive/2020/texmf-dist/tex/latex/tools/array.sty
Package: array 2020/10/01 v2.5c Tabular extension package (FMi)
\col@sep=\dimen171
\ar@mcellbox=\box54
\extrarowheight=\dimen172
\NC@list=\toks25
\extratabsurround=\skip59
\backup@length=\skip60
\ar@cellbox=\box55
) (/usr/local/texlive/2020/texmf-dist/tex/latex/tools/calc.sty
Package: calc 2017/05/25 v4.3 Infix arithmetic (KKT,FJ)
\calc@Acount=\count288
\calc@Bcount=\count289
\calc@Adimen=\dimen173
\calc@Bdimen=\dimen174
\calc@Askip=\skip61
\calc@Bskip=\skip62
LaTeX Info: Redefining \setlength on input line 80.
LaTeX Info: Redefining \addtolength on input line 81.
\calc@Ccount=\count290
\calc@Cskip=\skip63
) (/usr/local/texlive/2020/texmf-dist/tex/latex/footnotehyper/footnotehyper.sty
Package: footnotehyper 2019/11/07 v1.1a hyperref aware footnote.sty (JFB)
\FNH@notes=\box56
\FNH@width=\dimen175
) (/usr/local/texlive/2020/texmf-dist/tex/latex/graphics/graphicx.sty
Package: graphicx 2020/09/09 v1.2b Enhanced LaTeX Graphics (DPC,SPQR)
(/usr/local/texlive/2020/texmf-dist/tex/latex/graphics/graphics.sty
Package: graphics 2020/08/30 v1.4c Standard LaTeX Graphics (DPC,SPQR)
(/usr/local/texlive/2020/texmf-dist/tex/latex/graphics/trig.sty
Package: trig 2016/01/03 v1.10 sin cos tan (DPC)
) (/usr/local/texlive/2020/texmf-dist/tex/latex/graphics-cfg/graphics.cfg
File: graphics.cfg 2016/06/04 v1.11 sample graphics configuration
)
Package graphics Info: Driver file: pdftex.def on input line 105.
)
\Gin@req@height=\dimen176
\Gin@req@width=\dimen177
)
   defining Unicode char U+2212 (decimal 8722)
(/usr/local/texlive/2020/texmf-dist/tex/latex/caption/caption.sty
Package: caption 2020/10/26 v3.5g Customizing captions (AR)
(/usr/local/texlive/2020/texmf-dist/tex/latex/caption/caption3.sty
Package: caption3 2020/10/21 v2.2e caption3 kernel (AR)
\captionmargin=\dimen178
\captionmargin@=\dimen179
\captionwidth=\dimen180
\caption@tempdima=\dimen181
\caption@indent=\dimen182
\caption@parindent=\dimen183
\caption@hangindent=\dimen184
Package caption Info: Standard document class detected.
)
\c@caption@flags=\count291
\c@continuedfloat=\count292
Package caption Info: hyperref package is loaded.
Package caption Info: longtable package is loaded.
(/usr/local/texlive/2020/texmf-dist/tex/latex/caption/ltcaption.sty
Package: ltcaption 2020/05/30 v1.4b longtable captions (AR)
)) (/usr/local/texlive/2020/texmf-dist/tex/latex/siunitx/siunitx.sty (/usr/loca
l/texlive/2020/texmf-dist/tex/latex/l3kernel/expl3.sty
Package: expl3 2020-10-27 L3 programming layer (loader) 
(/usr/local/texlive/2020/texmf-dist/tex/latex/l3backend/l3backend-pdftex.def
File: l3backend-pdftex.def 2020-09-24 L3 backend support: PDF output (pdfTeX)
\l__kernel_color_stack_int=\count293
\l__pdf_internal_box=\box57
)) (/usr/local/texlive/2020/texmf-dist/tex/latex/l3packages/xparse/xparse.sty
Package: xparse 2020-10-27 L3 Experimental document command parser

(/usr/local/texlive/2020/texmf-dist/tex/latex/l3packages/xparse/xparse-generic.
tex))
Package: siunitx 2020/02/25 v2.8b A comprehensive (SI) units package
(/usr/local/texlive/2020/texmf-dist/tex/latex/l3packages/l3keys2e/l3keys2e.sty
Package: l3keys2e 2020-10-27 LaTeX2e option processing using LaTeX3 keys
)
\l__siunitx_tmp_box=\box58
\l__siunitx_tmp_dim=\dimen185
\l__siunitx_tmp_int=\count294
\l__siunitx_number_mantissa_length_int=\count295
\l__siunitx_number_uncert_length_int=\count296
\l__siunitx_round_int=\count297
\l__siunitx_process_decimal_int=\count298
\l__siunitx_process_uncertainty_int=\count299
\l__siunitx_process_fixed_int=\count300
\l__siunitx_process_integer_min_int=\count301
\l__siunitx_process_precision_int=\count302
\l__siunitx_group_min_int=\count303
\l__siunitx_angle_marker_box=\box59
\l__siunitx_angle_unit_box=\box60
\l__siunitx_angle_marker_dim=\dimen186
\l__siunitx_angle_unit_dim=\dimen187
\l__siunitx_unit_int=\count304
\l__siunitx_unit_denominator_int=\count305
\l__siunitx_unit_numerator_int=\count306
\l__siunitx_unit_prefix_int=\count307
\l__siunitx_unit_prefix_base_int=\count308
\l__siunitx_unit_prefix_gram_int=\count309
\l__siunitx_number_product_int=\count310
\c__siunitx_one_fill_skip=\skip64
\l__siunitx_table_unit_align_skip=\skip65
\l__siunitx_table_exponent_dim=\dimen188
\l__siunitx_table_integer_dim=\dimen189
\l__siunitx_table_mantissa_dim=\dimen190
\l__siunitx_table_marker_dim=\dimen191
\l__siunitx_table_result_dim=\dimen192
\l__siunitx_table_uncert_dim=\dimen193
\l__siunitx_table_fill_pre_dim=\dimen194
\l__siunitx_table_fill_post_dim=\dimen195
\l__siunitx_table_fill_mid_dim=\dimen196
\l__siunitx_table_pre_box=\box61
\l__siunitx_table_post_box=\box62
\l__siunitx_table_mantissa_box=\box63
\l__siunitx_table_result_box=\box64
\l__siunitx_table_number_align_skip=\skip66
\l__siunitx_table_text_align_skip=\skip67
(/usr/local/texlive/2020/texmf-dist/tex/latex/translator/translator.sty
Package: translator 2020-08-03 v1.12c Easy translation of strings in LaTeX
)) (/usr/local/texlive/2020/texmf-dist/tex/generic/ulem/ulem.sty
\UL@box=\box65
\UL@hyphenbox=\box66
\UL@skip=\skip68
\UL@hook=\toks26
\UL@height=\dimen197
\UL@pe=\count311
\UL@pixel=\dimen198
\ULC@box=\box67
Package: ulem 2019/11/18
\ULdepth=\dimen199
) (/usr/local/texlive/2020/texmf-dist/tex/latex/colortbl/colortbl.sty
Package: colortbl 2020/01/04 v1.0e Color table columns (DPC)
\everycr=\toks27
\minrowclearance=\skip69
) (/usr/local/texlive/2020/texmf-dist/tex/latex/multirow/multirow.sty
Package: multirow 2019/05/31 v2.5 Span multiple rows of a table
\multirow@colwidth=\skip70
\multirow@cntb=\count312
\multirow@dima=\skip71
\bigstrutjot=\dimen256
) (/usr/local/texlive/2020/texmf-dist/tex/latex/tools/hhline.sty
Package: hhline 2020/01/04 v2.04 Table rule package (DPC)
) (/usr/local/texlive/2020/texmf-dist/tex/latex/tools/tabularx.sty
Package: tabularx 2020/01/15 v2.11c `tabularx' package (DPC)
\TX@col@width=\dimen257
\TX@old@table=\dimen258
\TX@old@col=\dimen259
\TX@target=\dimen260
\TX@delta=\dimen261
\TX@cols=\count313
\TX@ftn=\toks28
)
(/usr/local/texlive/2020/texmf-dist/tex/latex/threeparttable/threeparttable.sty
Package: threeparttable 2003/06/13  v 3.0
\@tempboxb=\box68
) (/usr/local/texlive/2020/texmf-dist/tex/latex/wrapfig/wrapfig.sty
\wrapoverhang=\dimen262
\WF@size=\dimen263
\c@WF@wrappedlines=\count314
\WF@box=\box69
\WF@everypar=\toks29
Package: wrapfig 2003/01/31  v 3.6
) (/usr/local/texlive/2020/texmf-dist/tex/latex/adjustbox/adjustbox.sty
Package: adjustbox 2020/08/19 v1.3 Adjusting TeX boxes (trim, clip, ...)
(/usr/local/texlive/2020/texmf-dist/tex/latex/xkeyval/xkeyval.sty
Package: xkeyval 2020/11/20 v2.8 package option processing (HA)
(/usr/local/texlive/2020/texmf-dist/tex/generic/xkeyval/xkeyval.tex (/usr/local
/texlive/2020/texmf-dist/tex/generic/xkeyval/xkvutils.tex
\XKV@toks=\toks30
\XKV@tempa@toks=\toks31
)
\XKV@depth=\count315
File: xkeyval.tex 2014/12/03 v2.7a key=value parser (HA)
)) (/usr/local/texlive/2020/texmf-dist/tex/latex/adjustbox/adjcalc.sty
Package: adjcalc 2012/05/16 v1.1 Provides advanced setlength with multiple back
-ends (calc, etex, pgfmath)
) (/usr/local/texlive/2020/texmf-dist/tex/latex/adjustbox/trimclip.sty
Package: trimclip 2020/08/19 v1.2 Trim and clip general TeX material
(/usr/local/texlive/2020/texmf-dist/tex/latex/collectbox/collectbox.sty
Package: collectbox 2012/05/17 v0.4b Collect macro arguments as boxes
\collectedbox=\box70
)
\tc@llx=\dimen264
\tc@lly=\dimen265
\tc@urx=\dimen266
\tc@ury=\dimen267
Package trimclip Info: Using driver 'tc-pdftex.def'.
(/usr/local/texlive/2020/texmf-dist/tex/latex/adjustbox/tc-pdftex.def
File: tc-pdftex.def 2019/01/04 v2.2 Clipping driver for pdftex
))
\adjbox@Width=\dimen268
\adjbox@Height=\dimen269
\adjbox@Depth=\dimen270
\adjbox@Totalheight=\dimen271
\adjbox@pwidth=\dimen272
\adjbox@pheight=\dimen273
\adjbox@pdepth=\dimen274
\adjbox@ptotalheight=\dimen275
(/usr/local/texlive/2020/texmf-dist/tex/latex/ifoddpage/ifoddpage.sty
Package: ifoddpage 2016/04/23 v1.1 Conditionals for odd/even page detection
\c@checkoddpage=\count316
) (/usr/local/texlive/2020/texmf-dist/tex/latex/varwidth/varwidth.sty
Package: varwidth 2009/03/30 ver 0.92;  Variable-width minipages
\@vwid@box=\box71
\sift@deathcycles=\count317
\@vwid@loff=\dimen276
\@vwid@roff=\dimen277
)) (/usr/local/texlive/2020/texmf-dist/tex/latex/natbib/natbib.sty
Package: natbib 2010/09/13 8.31b (PWD, AO)
\bibhang=\skip72
\bibsep=\skip73
LaTeX Info: Redefining \cite on input line 694.
\c@NAT@ctr=\count318
)
No file MEM5220_R.aux.
\openout1 = `MEM5220_R.aux'.

LaTeX Font Info:    Checking defaults for OML/cmm/m/it on input line 138.
LaTeX Font Info:    ... okay on input line 138.
LaTeX Font Info:    Checking defaults for OMS/cmsy/m/n on input line 138.
LaTeX Font Info:    ... okay on input line 138.
LaTeX Font Info:    Checking defaults for OT1/cmr/m/n on input line 138.
LaTeX Font Info:    ... okay on input line 138.
LaTeX Font Info:    Checking defaults for T1/cmr/m/n on input line 138.
LaTeX Font Info:    ... okay on input line 138.
LaTeX Font Info:    Checking defaults for TS1/cmr/m/n on input line 138.
LaTeX Font Info:    ... okay on input line 138.
LaTeX Font Info:    Checking defaults for OMX/cmex/m/n on input line 138.
LaTeX Font Info:    ... okay on input line 138.
LaTeX Font Info:    Checking defaults for U/cmr/m/n on input line 138.
LaTeX Font Info:    ... okay on input line 138.
LaTeX Font Info:    Checking defaults for PD1/pdf/m/n on input line 138.
LaTeX Font Info:    ... okay on input line 138.
LaTeX Font Info:    Checking defaults for PU/pdf/m/n on input line 138.
LaTeX Font Info:    ... okay on input line 138.
LaTeX Info: Redefining \microtypecontext on input line 138.
Package microtype Info: Generating PDF output.
Package microtype Info: Character protrusion enabled (level 2).
Package microtype Info: Using protrusion set `basicmath'.
Package microtype Info: Automatic font expansion enabled (level 2),
(microtype)             stretch: 20, shrink: 20, step: 1, non-selected.
Package microtype Info: Using default expansion set `basictext'.
LaTeX Info: Redefining \showhyphens on input line 138.
Package microtype Info: No adjustment of tracking.
Package microtype Info: No adjustment of interword spacing.
Package microtype Info: No adjustment of character kerning.
(/usr/local/texlive/2020/texmf-dist/tex/latex/microtype/mt-cmr.cfg
File: mt-cmr.cfg 2013/05/19 v2.2 microtype config. file: Computer Modern Roman 
(RS)
) (/usr/local/texlive/2020/texmf-dist/tex/context/base/mkii/supp-pdf.mkii
[Loading MPS to PDF converter (version 2006.09.02).]
\scratchcounter=\count319
\scratchdimen=\dimen278
\scratchbox=\box72
\nofMPsegments=\count320
\nofMParguments=\count321
\everyMPshowfont=\toks32
\MPscratchCnt=\count322
\MPscratchDim=\dimen279
\MPnumerator=\count323
\makeMPintoPDFobject=\count324
\everyMPtoPDFconversion=\toks33
) (/usr/local/texlive/2020/texmf-dist/tex/latex/epstopdf-pkg/epstopdf-base.sty
Package: epstopdf-base 2020-01-24 v2.11 Base part for package epstopdf
Package epstopdf-base Info: Redefining graphics rule for `.eps' on input line 4
85.
(/usr/local/texlive/2020/texmf-dist/tex/latex/latexconfig/epstopdf-sys.cfg
File: epstopdf-sys.cfg 2010/07/13 v1.3 Configuration of (r)epstopdf for TeX Liv
e
))
Package hyperref Info: Link coloring OFF on input line 138.
(/usr/local/texlive/2020/texmf-dist/tex/latex/hyperref/nameref.sty
Package: nameref 2019/09/16 v2.46 Cross-referencing by name of section
(/usr/local/texlive/2020/texmf-dist/tex/latex/refcount/refcount.sty
Package: refcount 2019/12/15 v3.6 Data extraction from label references (HO)
)
(/usr/local/texlive/2020/texmf-dist/tex/generic/gettitlestring/gettitlestring.s
ty
Package: gettitlestring 2019/12/15 v1.6 Cleanup title references (HO)
)
\c@section@level=\count325
)
LaTeX Info: Redefining \ref on input line 138.
LaTeX Info: Redefining \pageref on input line 138.
LaTeX Info: Redefining \nameref on input line 138.
Package caption Info: Begin \AtBeginDocument code.
Package caption Info: threeparttable package is loaded.
Package caption Info: wrapfig package is loaded.
Package caption Info: End \AtBeginDocument code.

(/usr/local/texlive/2020/texmf-dist/tex/latex/siunitx/siunitx-abbreviations.cfg
File: siunitx-abbreviations.cfg 2017/11/26 v2.7k siunitx: Abbreviated units
)
(/usr/local/texlive/2020/texmf-dist/tex/latex/translator/translator-basic-dicti
onary-English.dict
Dictionary: translator-basic-dictionary, Language: English 
)
LaTeX Font Info:    Trying to load font information for OT1+lmr on input line 1
38.
(/usr/local/texlive/2020/texmf-dist/tex/latex/lm/ot1lmr.fd
File: ot1lmr.fd 2009/10/30 v1.6 Font defs for Latin Modern
)
LaTeX Font Info:    Trying to load font information for OML+lmm on input line 1
38.
(/usr/local/texlive/2020/texmf-dist/tex/latex/lm/omllmm.fd
File: omllmm.fd 2009/10/30 v1.6 Font defs for Latin Modern
)
LaTeX Font Info:    Trying to load font information for OMS+lmsy on input line 
138.
(/usr/local/texlive/2020/texmf-dist/tex/latex/lm/omslmsy.fd
File: omslmsy.fd 2009/10/30 v1.6 Font defs for Latin Modern
)
LaTeX Font Info:    Trying to load font information for OMX+lmex on input line 
138.
(/usr/local/texlive/2020/texmf-dist/tex/latex/lm/omxlmex.fd
File: omxlmex.fd 2009/10/30 v1.6 Font defs for Latin Modern
)
LaTeX Font Info:    External font `lmex10' loaded for size
(Font)              <10> on input line 138.
LaTeX Font Info:    External font `lmex10' loaded for size
(Font)              <7> on input line 138.
LaTeX Font Info:    External font `lmex10' loaded for size
(Font)              <5> on input line 138.
LaTeX Font Info:    Trying to load font information for U+msa on input line 138
.
(/usr/local/texlive/2020/texmf-dist/tex/latex/amsfonts/umsa.fd
File: umsa.fd 2013/01/14 v3.01 AMS symbols A
) (/usr/local/texlive/2020/texmf-dist/tex/latex/microtype/mt-msa.cfg
File: mt-msa.cfg 2006/02/04 v1.1 microtype config. file: AMS symbols (a) (RS)
)
LaTeX Font Info:    Trying to load font information for U+msb on input line 138
.
(/usr/local/texlive/2020/texmf-dist/tex/latex/amsfonts/umsb.fd
File: umsb.fd 2013/01/14 v3.01 AMS symbols B
) (/usr/local/texlive/2020/texmf-dist/tex/latex/microtype/mt-msb.cfg
File: mt-msb.cfg 2005/06/01 v1.0 microtype config. file: AMS symbols (b) (RS)
)
LaTeX Font Info:    Trying to load font information for OT1+lmss on input line 
138.
(/usr/local/texlive/2020/texmf-dist/tex/latex/lm/ot1lmss.fd
File: ot1lmss.fd 2009/10/30 v1.6 Font defs for Latin Modern
)
Package microtype Info: Loading generic protrusion settings for font family
(microtype)             `lmss' (encoding: OT1).
(microtype)             For optimal results, create family-specific settings.
(microtype)             See the microtype manual for details.
LaTeX Font Info:    Trying to load font information for OT1+lmtt on input line 
138.
(/usr/local/texlive/2020/texmf-dist/tex/latex/lm/ot1lmtt.fd
File: ot1lmtt.fd 2009/10/30 v1.6 Font defs for Latin Modern
)
LaTeX Font Info:    External font `lmex10' loaded for size
(Font)              <12> on input line 140.
LaTeX Font Info:    External font `lmex10' loaded for size
(Font)              <8> on input line 140.
LaTeX Font Info:    External font `lmex10' loaded for size
(Font)              <6> on input line 140.
[1


{/usr/local/texlive/2020/texmf-var/fonts/map/pdftex/updmap/pdftex.map}]
\tf@toc=\write4
\openout4 = `MEM5220_R.toc'.

pdfTeX warning (ext4): destination with the same identifier (name{page.1}) has 
been already used, duplicate ignored
<to be read again> 
                   \relax 
l.146 \chapter*{Introduction}\label{introduction}}
                                                   [1

]

Package natbib Warning: Citation `team2013r' on page 2 undefined on input line 
155.


Package natbib Warning: Citation `heiss2016using' on page 2 undefined on input 
line 180.


Package natbib Warning: Citation `wooldridge2015introductory' on page 2 undefin
ed on input line 180.

[2

]

Package natbib Warning: Citation `heiss2016using' on page 3 undefined on input 
line 191.


Package natbib Warning: Citation `dalpiaz2016' on page 3 undefined on input lin
e 191.


Package natbib Warning: Citation `colonescu2018' on page 3 undefined on input l
ine 191.


Package natbib Warning: Citation `Hanck2018' on page 3 undefined on input line 
191.


Package natbib Warning: Citation `Rodrigues2018' on page 3 undefined on input l
ine 191.

LaTeX Font Info:    Trying to load font information for TS1+lmr on input line 1
96.
(/usr/local/texlive/2020/texmf-dist/tex/latex/lm/ts1lmr.fd
File: ts1lmr.fd 2009/10/30 v1.6 Font defs for Latin Modern
)

Package natbib Warning: Citation `Hanck2018' on page 3 undefined on input line 
196.


Package natbib Warning: Citation `dalpiaz2016' on page 3 undefined on input lin
e 198.


Package natbib Warning: Citation `colonescu2018' on page 3 undefined on input l
ine 200.


Package natbib Warning: Citation `oswald2018introduction' on page 3 undefined o
n input line 202.

LaTeX Font Info:    Trying to load font information for T1+lmtt on input line 2
13.
(/usr/local/texlive/2020/texmf-dist/tex/latex/lm/t1lmtt.fd
File: t1lmtt.fd 2009/10/30 v1.6 Font defs for Latin Modern
)
Overfull \hbox (80.24876pt too wide) in paragraph at lines 241--241
[]\T1/lmtt/m/n/10 BLAS:   /Library/Frameworks/R.framework/Versions/4.0/Resource
s/lib/libRblas.dylib[] 
 []


Overfull \hbox (90.74873pt too wide) in paragraph at lines 241--241
[]\T1/lmtt/m/n/10 LAPACK: /Library/Frameworks/R.framework/Versions/4.0/Resource
s/lib/libRlapack.dylib[] 
 []


Overfull \hbox (11.99896pt too wide) in paragraph at lines 241--241
[]\T1/lmtt/m/n/10 [1] stats     graphics  grDevices utils     datasets  methods
   base[] 
 []


Overfull \hbox (48.74886pt too wide) in paragraph at lines 241--241
[] \T1/lmtt/m/n/10 [1] rstudioapi_0.13   magrittr_2.0.1    munsell_0.5.0     ti
dyselect_1.1.0[] 
 []

[3]
Overfull \hbox (32.9989pt too wide) in paragraph at lines 241--241
[] \T1/lmtt/m/n/10 [5] colorspace_2.0-0  R6_2.5.0          rlang_0.4.10      st
ringr_1.4.0[] 
 []


Overfull \hbox (11.99896pt too wide) in paragraph at lines 241--241
[] \T1/lmtt/m/n/10 [9] tools_4.0.2       grid_4.0.2        gtable_0.3.0      xf
un_0.20[] 
 []


Overfull \hbox (38.24889pt too wide) in paragraph at lines 241--241
[]\T1/lmtt/m/n/10 [13] DBI_1.1.1         withr_2.4.1       htmltools_0.5.1.1 el
lipsis_0.3.1[] 
 []


Overfull \hbox (27.74892pt too wide) in paragraph at lines 241--241
[]\T1/lmtt/m/n/10 [17] assertthat_0.2.1  yaml_2.2.1        digest_0.6.27     ti
bble_3.0.6[] 
 []


Overfull \hbox (22.49893pt too wide) in paragraph at lines 241--241
[]\T1/lmtt/m/n/10 [21] lifecycle_0.2.0   crayon_1.4.0      bookdown_0.21     pu
rrr_0.3.4[] 
 []


Overfull \hbox (32.9989pt too wide) in paragraph at lines 241--241
[]\T1/lmtt/m/n/10 [25] codetools_0.2-18  vctrs_0.3.6       glue_1.4.2        ev
aluate_0.14[] 
 []


Overfull \hbox (27.74892pt too wide) in paragraph at lines 241--241
[]\T1/lmtt/m/n/10 [29] rmarkdown_2.6     stringi_1.5.3     compiler_4.0.2    pi
llar_1.4.7[] 
 []

LaTeX Font Info:    Trying to load font information for TS1+lmtt on input line 
243.
(/usr/local/texlive/2020/texmf-dist/tex/latex/lm/ts1lmtt.fd
File: ts1lmtt.fd 2009/10/30 v1.6 Font defs for Latin Modern
) [4]
Chapter 1.
LaTeX Font Info:    Font shape `T1/lmtt/bx/n' in size <10> not available
(Font)              Font shape `T1/lmtt/b/n' tried instead on input line 289.
[5

]

Package natbib Warning: Citation `wooldridge2015introductory' on page 6 undefin
ed on input line 302.


Package natbib Warning: Citation `hill2008principles' on page 6 undefined on in
put line 304.

[6]
Overfull \hbox (17.24895pt too wide) in paragraph at lines 374--374
[] \T1/lmtt/m/n/10 $ salary  : int  1095 1001 1122 578 1368 1145 1078 1094 1237
 833 ...[] 
 []

[7]

Package natbib Warning: Citation `dalpiaz2016' on page 8 undefined on input lin
e 429.

<MEM5220_R_files/figure-latex/ceosal1-1.png, id=94, 881.2925pt x 531.9875pt>
File: MEM5220_R_files/figure-latex/ceosal1-1.png Graphic file (type png)
<use MEM5220_R_files/figure-latex/ceosal1-1.png>
Package pdftex.def Info: MEM5220_R_files/figure-latex/ceosal1-1.png  used on in
put line 435.
(pdftex.def)             Requested size: 241.48883pt x 145.77344pt.
[8 <./MEM5220_R_files/figure-latex/ceosal1-1.png>]
<MEM5220_R_files/figure-latex/fig1-1.png, id=104, 833.1125pt x 593.21625pt>
File: MEM5220_R_files/figure-latex/fig1-1.png Graphic file (type png)
<use MEM5220_R_files/figure-latex/fig1-1.png>
Package pdftex.def Info: MEM5220_R_files/figure-latex/fig1-1.png  used on input
 line 516.
(pdftex.def)             Requested size: 275.9958pt x 196.52231pt.
<MEM5220_R_files/figure-latex/fig2-1.png, id=106, 881.2925pt x 651.43375pt>
File: MEM5220_R_files/figure-latex/fig2-1.png Graphic file (type png)
<use MEM5220_R_files/figure-latex/fig2-1.png>
Package pdftex.def Info: MEM5220_R_files/figure-latex/fig2-1.png  used on input
 line 527.
(pdftex.def)             Requested size: 275.99492pt x 204.0099pt.

Overfull \hbox (1.499pt too wide) in paragraph at lines 540--540
[] \T1/lmtt/m/n/10 [5] "fitted.values" "assign"        "qr"            "df.resi
dual"[] 
 []

[9] [10 <./MEM5220_R_files/figure-latex/fig1-1.png> <./MEM5220_R_files/figure-l
atex/fig2-1.png>]
Overfull \hbox (6.74898pt too wide) in paragraph at lines 584--584
[] \T1/lmtt/m/n/10 [1] "call"          "terms"         "residuals"     "coeffic
ients"[] 
 []

[11]
<MEM5220_R_files/figure-latex/fig3-1.png, id=124, 833.1125pt x 593.21625pt>
File: MEM5220_R_files/figure-latex/fig3-1.png Graphic file (type png)
<use MEM5220_R_files/figure-latex/fig3-1.png>
Package pdftex.def Info: MEM5220_R_files/figure-latex/fig3-1.png  used on input
 line 654.
(pdftex.def)             Requested size: 275.9958pt x 196.52231pt.
[12] [13 <./MEM5220_R_files/figure-latex/fig3-1.png>]
<MEM5220_R_files/figure-latex/unnamed-chunk-36-1.png, id=146, 833.1125pt x 455.
7025pt>
File: MEM5220_R_files/figure-latex/unnamed-chunk-36-1.png Graphic file (type pn
g)
<use MEM5220_R_files/figure-latex/unnamed-chunk-36-1.png>
Package pdftex.def Info: MEM5220_R_files/figure-latex/unnamed-chunk-36-1.png  u
sed on input line 705.
(pdftex.def)             Requested size: 241.49474pt x 132.0947pt.
<MEM5220_R_files/figure-latex/fig4-1.png, id=147, 833.1125pt x 515.9275pt>
File: MEM5220_R_files/figure-latex/fig4-1.png Graphic file (type png)
<use MEM5220_R_files/figure-latex/fig4-1.png>
Package pdftex.def Info: MEM5220_R_files/figure-latex/fig4-1.png  used on input
 line 720.
(pdftex.def)             Requested size: 275.9958pt x 170.91788pt.
<MEM5220_R_files/figure-latex/fig5-1.png, id=148, 827.09pt x 515.9275pt>
File: MEM5220_R_files/figure-latex/fig5-1.png Graphic file (type png)
<use MEM5220_R_files/figure-latex/fig5-1.png>
Package pdftex.def Info: MEM5220_R_files/figure-latex/fig5-1.png  used on input
 line 733.
(pdftex.def)             Requested size: 276.00728pt x 172.16959pt.
<MEM5220_R_files/figure-latex/fig6-1.png, id=149, 864.22874pt x 650.43pt>
File: MEM5220_R_files/figure-latex/fig6-1.png Graphic file (type png)
<use MEM5220_R_files/figure-latex/fig6-1.png>
Package pdftex.def Info: MEM5220_R_files/figure-latex/fig6-1.png  used on input
 line 742.
(pdftex.def)             Requested size: 275.9918pt x 207.71509pt.
[14 <./MEM5220_R_files/figure-latex/unnamed-chunk-36-1.png> <./MEM5220_R_files/
figure-latex/fig4-1.png>] [15 <./MEM5220_R_files/figure-latex/fig5-1.png> <./ME
M5220_R_files/figure-latex/fig6-1.png>]
<MEM5220_R_files/figure-latex/fig7-1.png, id=167, 827.09pt x 515.9275pt>
File: MEM5220_R_files/figure-latex/fig7-1.png Graphic file (type png)
<use MEM5220_R_files/figure-latex/fig7-1.png>
Package pdftex.def Info: MEM5220_R_files/figure-latex/fig7-1.png  used on input
 line 760.
(pdftex.def)             Requested size: 276.00728pt x 172.16959pt.

Overfull \hbox (1.499pt too wide) in paragraph at lines 776--776
[] \T1/lmtt/m/n/10 $ term     : chr [1:2000] "(Intercept)" "x" "(Intercept)" "x
" ...[] 
 []


Overfull \hbox (48.74886pt too wide) in paragraph at lines 776--776
[] \T1/lmtt/m/n/10 $ p.value  : num [1:2000] 4.94e-09 7.91e-09 5.13e-08 9.92e-1
0 2.99e-07 ...[] 
 []


LaTeX Warning: Reference `fig:fig8' on page 16 undefined on input line 780.


Overfull \hbox (1.499pt too wide) in paragraph at lines 789--789
[] \T1/lmtt/m/n/10 $ term     : chr [1:2000] "(Intercept)" "x" "(Intercept)" "x
" ...[] 
 []


Overfull \hbox (48.74886pt too wide) in paragraph at lines 789--789
[] \T1/lmtt/m/n/10 $ p.value  : num [1:2000] 4.94e-09 7.91e-09 5.13e-08 9.92e-1
0 2.99e-07 ...[] 
 []

<MEM5220_R_files/figure-latex/fig8-1.png, id=168, 892.33376pt x 650.43pt>
File: MEM5220_R_files/figure-latex/fig8-1.png Graphic file (type png)
<use MEM5220_R_files/figure-latex/fig8-1.png>
Package pdftex.def Info: MEM5220_R_files/figure-latex/fig8-1.png  used on input
 line 793.
(pdftex.def)             Requested size: 275.99428pt x 201.17467pt.
[16 <./MEM5220_R_files/figure-latex/fig7-1.png>]
<MEM5220_R_files/figure-latex/fig9-1.png, id=174, 868.24374pt x 651.43375pt>
File: MEM5220_R_files/figure-latex/fig9-1.png Graphic file (type png)
<use MEM5220_R_files/figure-latex/fig9-1.png>
Package pdftex.def Info: MEM5220_R_files/figure-latex/fig9-1.png  used on input
 line 808.
(pdftex.def)             Requested size: 276.00215pt x 207.08138pt.
[17 <./MEM5220_R_files/figure-latex/fig8-1.png>]
<MEM5220_R_files/figure-latex/fig10-1.png, id=185, 832.10875pt x 520.94624pt>
File: MEM5220_R_files/figure-latex/fig10-1.png Graphic file (type png)
<use MEM5220_R_files/figure-latex/fig10-1.png>
Package pdftex.def Info: MEM5220_R_files/figure-latex/fig10-1.png  used on inpu
t line 864.
(pdftex.def)             Requested size: 275.9934pt x 172.78717pt.
[18 <./MEM5220_R_files/figure-latex/fig9-1.png>]
<MEM5220_R_files/figure-latex/fig11-1.png, id=193, 882.29625pt x 655.44875pt>
File: MEM5220_R_files/figure-latex/fig11-1.png Graphic file (type png)
<use MEM5220_R_files/figure-latex/fig11-1.png>
Package pdftex.def Info: MEM5220_R_files/figure-latex/fig11-1.png  used on inpu
t line 898.
(pdftex.def)             Requested size: 275.99962pt x 205.03725pt.
[19 <./MEM5220_R_files/figure-latex/fig10-1.png>] [20 <./MEM5220_R_files/figure
-latex/fig11-1.png>]
<MEM5220_R_files/figure-latex/fig12-1.png, id=210, 832.10875pt x 582.175pt>
File: MEM5220_R_files/figure-latex/fig12-1.png Graphic file (type png)
<use MEM5220_R_files/figure-latex/fig12-1.png>
Package pdftex.def Info: MEM5220_R_files/figure-latex/fig12-1.png  used on inpu
t line 953.
(pdftex.def)             Requested size: 275.9934pt x 193.0955pt.
<MEM5220_R_files/figure-latex/fig12-2.png, id=211, 833.1125pt x 583.17876pt>
File: MEM5220_R_files/figure-latex/fig12-2.png Graphic file (type png)
<use MEM5220_R_files/figure-latex/fig12-2.png>
Package pdftex.def Info: MEM5220_R_files/figure-latex/fig12-2.png  used on inpu
t line 953.
(pdftex.def)             Requested size: 275.9958pt x 193.19707pt.
<MEM5220_R_files/figure-latex/fig12-3.png, id=212, 839.135pt x 583.17876pt>
File: MEM5220_R_files/figure-latex/fig12-3.png Graphic file (type png)
<use MEM5220_R_files/figure-latex/fig12-3.png>
Package pdftex.def Info: MEM5220_R_files/figure-latex/fig12-3.png  used on inpu
t line 953.
(pdftex.def)             Requested size: 275.9935pt x 191.80888pt.
<MEM5220_R_files/figure-latex/fig12-4.png, id=213, 865.2325pt x 582.175pt>
File: MEM5220_R_files/figure-latex/fig12-4.png Graphic file (type png)
<use MEM5220_R_files/figure-latex/fig12-4.png>
Package pdftex.def Info: MEM5220_R_files/figure-latex/fig12-4.png  used on inpu
t line 953.
(pdftex.def)             Requested size: 275.9955pt x 185.70462pt.

LaTeX Warning: Float too large for page by 238.80608pt on input line 958.

<MEM5220_R_files/figure-latex/fig13-1.png, id=214, 893.3375pt x 655.44875pt>
File: MEM5220_R_files/figure-latex/fig13-1.png Graphic file (type png)
<use MEM5220_R_files/figure-latex/fig13-1.png>
Package pdftex.def Info: MEM5220_R_files/figure-latex/fig13-1.png  used on inpu
t line 962.
(pdftex.def)             Requested size: 276.00484pt x 202.50691pt.
<MEM5220_R_files/figure-latex/fig14-1.png, id=215, 893.3375pt x 655.44875pt>
File: MEM5220_R_files/figure-latex/fig14-1.png Graphic file (type png)
<use MEM5220_R_files/figure-latex/fig14-1.png>
Package pdftex.def Info: MEM5220_R_files/figure-latex/fig14-1.png  used on inpu
t line 971.
(pdftex.def)             Requested size: 276.00484pt x 202.50691pt.
<MEM5220_R_files/figure-latex/unnamed-chunk-57-1.png, id=216, 868.24374pt x 531
.9875pt>
File: MEM5220_R_files/figure-latex/unnamed-chunk-57-1.png Graphic file (type pn
g)
<use MEM5220_R_files/figure-latex/unnamed-chunk-57-1.png>
Package pdftex.def Info: MEM5220_R_files/figure-latex/unnamed-chunk-57-1.png  u
sed on input line 978.
(pdftex.def)             Requested size: 241.4903pt x 147.96515pt.
<MEM5220_R_files/figure-latex/fig15-1.png, id=217, 867.24pt x 651.43375pt>
File: MEM5220_R_files/figure-latex/fig15-1.png Graphic file (type png)
<use MEM5220_R_files/figure-latex/fig15-1.png>
Package pdftex.def Info: MEM5220_R_files/figure-latex/fig15-1.png  used on inpu
t line 990.
(pdftex.def)             Requested size: 276.00067pt x 207.31995pt.
[21 <./MEM5220_R_files/figure-latex/unnamed-chunk-57-1.png>] [22 <./MEM5220_R_f
iles/figure-latex/fig12-1.png> <./MEM5220_R_files/figure-latex/fig12-2.png> <./
MEM5220_R_files/figure-latex/fig12-3.png> <./MEM5220_R_files/figure-latex/fig12
-4.png>] [23 <./MEM5220_R_files/figure-latex/fig13-1.png> <./MEM5220_R_files/fi
gure-latex/fig14-1.png>] [24 <./MEM5220_R_files/figure-latex/fig15-1.png>]
Overfull \hbox (43.49887pt too wide) in paragraph at lines 1050--1050
[]             \T1/lmtt/m/n/10 (Intercept) poly(sqrft, degree = 2)1 poly(sqrft,
 degree = 2)2[] 
 []


Overfull \hbox (43.49887pt too wide) in paragraph at lines 1050--1050
[]                \T1/lmtt/m/n/10 6.638736                62.276866            
    62.276866[] 
 []


Package natbib Warning: Citation `dalpiaz2016' on page 25 undefined on input li
ne 1093.

[25] [26]
<MEM5220_R_files/figure-latex/fig16-1.png, id=261, 666.49pt x 498.86375pt>
File: MEM5220_R_files/figure-latex/fig16-1.png Graphic file (type png)
<use MEM5220_R_files/figure-latex/fig16-1.png>
Package pdftex.def Info: MEM5220_R_files/figure-latex/fig16-1.png  used on inpu
t line 1149.
(pdftex.def)             Requested size: 276.00851pt x 206.59071pt.
[27 <./MEM5220_R_files/figure-latex/fig16-1.png>] [28]
Overfull \hbox (1.499pt too wide) in paragraph at lines 1256--1256
[]\T1/lmtt/m/n/10 lm(formula = read ~ students + english + FracEL, data = CASch
ools)[] 
 []


Overfull \hbox (17.24895pt too wide) in paragraph at lines 1284--1284
[]\T1/lmtt/m/n/10 lm(formula = read ~ students + english + direction, data = CA
Schools)[] 
 []

[29]
Overfull \hbox (6.74898pt too wide) in paragraph at lines 1317--1317
[]\T1/lmtt/m/n/10 lm(formula = read ~ students + english + spanish, data = CASc
hools)[] 
 []

[30] [31] [32] [33]

LaTeX Warning: Reference `tab:regressiontable' on page 34 undefined on input li
ne 1520.

[34]
Overfull \hbox (17.24895pt too wide) in paragraph at lines 1617--1617
[]\T1/lmtt/m/n/10 lm(formula = log(price) ~ log(nox) + log(dist) + rooms + I(ro
oms^2) +[] 
 []

[35] [36]
Overfull \hbox (17.24895pt too wide) in paragraph at lines 1683--1683
[]\T1/lmtt/m/n/10 lm(formula = colgpa ~ sat + hsperc + hsize + I(hsize^2), data
 = gpa2)[] 
 []

[37]
Overfull \hbox (27.74892pt too wide) in paragraph at lines 1756--1756
[]\T1/lmtt/m/n/10 lm(formula = log(wage) ~ married * female + educ + exper + I(
exper^2) +[] 
 []

[38]
Overfull \hbox (69.7488pt too wide) in paragraph at lines 1840--1840
[] \T1/lmtt/m/n/10 $ ethnicity : Factor w/ 3 levels "cauc","hispanic",..: 2 1 1
 1 1 1 1 1 1 1 ...[] 
 []


Overfull \hbox (43.49887pt too wide) in paragraph at lines 1840--1840
[] \T1/lmtt/m/n/10 $ region    : Factor w/ 2 levels "south","other": 2 2 2 2 2 
2 1 2 2 2 ...[] 
 []


Overfull \hbox (43.49887pt too wide) in paragraph at lines 1840--1840
[] \T1/lmtt/m/n/10 $ gender    : Factor w/ 2 levels "male","female": 2 2 1 1 1 
1 1 1 1 1 ...[] 
 []

[39]
Overfull \hbox (85.49875pt too wide) in paragraph at lines 1840--1840
[] \T1/lmtt/m/n/10 $ occupation: Factor w/ 6 levels "worker","technical",..: 1 
1 1 1 1 1 1 1 1 1 ...[] 
 []


Overfull \hbox (59.24883pt too wide) in paragraph at lines 1840--1840
[] \T1/lmtt/m/n/10 $ sector    : Factor w/ 3 levels "manufacturing",..: 1 1 1 3
 3 3 3 3 1 3 ...[] 
 []


Overfull \hbox (17.24895pt too wide) in paragraph at lines 1840--1840
[] \T1/lmtt/m/n/10 $ union     : Factor w/ 2 levels "no","yes": 1 1 1 1 1 2 1 1
 1 1 ...[] 
 []


Overfull \hbox (17.24895pt too wide) in paragraph at lines 1840--1840
[] \T1/lmtt/m/n/10 $ married   : Factor w/ 2 levels "no","yes": 2 2 1 1 2 1 1 1
 2 1 ...[] 
 []


Overfull \hbox (22.49893pt too wide) in paragraph at lines 1866--1866
[]\T1/lmtt/m/n/10 lm(formula = log(wage) ~ education + experience + gender + oc
cupation,[] 
 []


Overfull \hbox (22.49893pt too wide) in paragraph at lines 1866--1866
[]\T1/lmtt/m/n/10 lm(formula = log(wage) ~ education + experience + gender + oc
cupation,[] 
 []


Overfull \hbox (22.49893pt too wide) in paragraph at lines 1880--1880
[]\T1/lmtt/m/n/10 lm(formula = log(wage) ~ education + experience + gender + oc
cupation,[] 
 []

[40]
Overfull \hbox (22.49893pt too wide) in paragraph at lines 1996--1996
[]\T1/lmtt/m/n/10 lm(formula = log(wage) ~ education + experience + gender + oc
cupation,[] 
 []

[41]
Overfull \hbox (1.499pt too wide) in paragraph at lines 2018--2018
[]    \T1/lmtt/m/n/10 (Intercept)    rankcat(0,10]   rankcat(10,25]   rankcat(2
5,40][] 
 []


Overfull \hbox (1.499pt too wide) in paragraph at lines 2018--2018
[]      \T1/lmtt/m/n/10 9.1652952        0.6995659        0.5935434        0.37
50763[] 
 []


Overfull \hbox (1.499pt too wide) in paragraph at lines 2018--2018
[] \T1/lmtt/m/n/10 rankcat(40,60]  rankcat(60,100]             LSAT            
  GPA[] 
 []


Overfull \hbox (1.499pt too wide) in paragraph at lines 2018--2018
[]      \T1/lmtt/m/n/10 0.2628191        0.1315950        0.0056908        0.01
37255[] 
 []

[42]
Overfull \hbox (11.99896pt too wide) in paragraph at lines 2148--2148
[]\T1/lmtt/m/n/10 lm(formula = cumgpa ~ female * (sat + hsperc + tothrs), data 
= gpa3,[] 
 []

<MEM5220_R_files/figure-latex/fig17-1.png, id=406, 869.2475pt x 651.43375pt>
File: MEM5220_R_files/figure-latex/fig17-1.png Graphic file (type png)
<use MEM5220_R_files/figure-latex/fig17-1.png>
Package pdftex.def Info: MEM5220_R_files/figure-latex/fig17-1.png  used on inpu
t line 2213.
(pdftex.def)             Requested size: 276.00291pt x 206.84282pt.
[43]

Package natbib Warning: Citation `Zeileis2017' on page 44 undefined on input li
ne 2235.

<MEM5220_R_files/figure-latex/fig18-1.png, id=417, 833.1125pt x 529.98pt>
File: MEM5220_R_files/figure-latex/fig18-1.png Graphic file (type png)
<use MEM5220_R_files/figure-latex/fig18-1.png>
Package pdftex.def Info: MEM5220_R_files/figure-latex/fig18-1.png  used on inpu
t line 2242.
(pdftex.def)             Requested size: 275.9958pt x 175.57323pt.
<MEM5220_R_files/figure-latex/fig19-1.png, id=418, 832.10875pt x 516.93124pt>
File: MEM5220_R_files/figure-latex/fig19-1.png Graphic file (type png)
<use MEM5220_R_files/figure-latex/fig19-1.png>
Package pdftex.def Info: MEM5220_R_files/figure-latex/fig19-1.png  used on inpu
t line 2253.
(pdftex.def)             Requested size: 275.9934pt x 171.45547pt.
<MEM5220_R_files/figure-latex/fig19-2.png, id=419, 832.10875pt x 516.93124pt>
File: MEM5220_R_files/figure-latex/fig19-2.png Graphic file (type png)
<use MEM5220_R_files/figure-latex/fig19-2.png>
Package pdftex.def Info: MEM5220_R_files/figure-latex/fig19-2.png  used on inpu
t line 2253.
(pdftex.def)             Requested size: 275.9934pt x 171.45547pt.
[44 <./MEM5220_R_files/figure-latex/fig17-1.png>] [45 <./MEM5220_R_files/figure
-latex/fig18-1.png>] [46 <./MEM5220_R_files/figure-latex/fig19-1.png> <./MEM522
0_R_files/figure-latex/fig19-2.png>]

Package natbib Warning: Citation `Rodrigues2018' on page 47 undefined on input 
line 2300.


Overfull \hbox (32.9989pt too wide) in paragraph at lines 2347--2347
[]\T1/lmtt/m/n/10 lmrob(formula = cumgpa ~ sat + hsperc + tothrs + female + bla
ck + white,[] 
 []


Overfull \hbox (27.74892pt too wide) in paragraph at lines 2347--2347
[]       \T1/lmtt/m/n/10 tuning.chi                bb        tuning.psi        
refine.tol[] 
 []


Overfull \hbox (27.74892pt too wide) in paragraph at lines 2347--2347
[]        \T1/lmtt/m/n/10 1.548e+00         5.000e-01         4.685e+00        
 1.000e-07[] 
 []


Overfull \hbox (27.74892pt too wide) in paragraph at lines 2347--2347
[]          \T1/lmtt/m/n/10 rel.tol         scale.tol         solve.tol       e
ps.outlier[] 
 []


Overfull \hbox (27.74892pt too wide) in paragraph at lines 2347--2347
[]        \T1/lmtt/m/n/10 1.000e-07         1.000e-10         1.000e-07        
 2.732e-04[] 
 []

[47]
Overfull \hbox (43.49887pt too wide) in paragraph at lines 2347--2347
[]     \T1/lmtt/m/n/10 nResample         max.it       best.r.s       k.fast.s  
        k.max[] 
 []


Overfull \hbox (43.49887pt too wide) in paragraph at lines 2347--2347
[]           \T1/lmtt/m/n/10 500             50              2              1  
          200[] 
 []


Overfull \hbox (43.49887pt too wide) in paragraph at lines 2347--2347
[]   \T1/lmtt/m/n/10 maxit.scale      trace.lev            mts     compute.rd f
ast.s.large.n[] 
 []


Overfull \hbox (43.49887pt too wide) in paragraph at lines 2347--2347
[]           \T1/lmtt/m/n/10 200              0           1000              0  
         2000[] 
 []

[48]
Overfull \hbox (59.24883pt too wide) in paragraph at lines 2677--2677
[]\T1/lmtt/m/n/10 lm(formula = nettfa ~ inc + I((age - 25)^2) + male + e401k, d
ata = k401ksubs,[] 
 []


Overfull \hbox (1.499pt too wide) in paragraph at lines 2677--2677
[]    \T1/lmtt/m/n/10 (Intercept)              inc  I((age - 25)^2)            
 male[] 
 []


Overfull \hbox (1.499pt too wide) in paragraph at lines 2677--2677
[]      \T1/lmtt/m/n/10 -20.98499          0.77058          0.02513          2.
47793[] 
 []

[49]
Overfull \hbox (59.24883pt too wide) in paragraph at lines 2691--2691
[]\T1/lmtt/m/n/10 lm(formula = nettfa ~ inc + I((age - 25)^2) + male + e401k, d
ata = k401ksubs,[] 
 []


Overfull \hbox (1.499pt too wide) in paragraph at lines 2691--2691
[]    \T1/lmtt/m/n/10 (Intercept)              inc  I((age - 25)^2)            
 male[] 
 []


Overfull \hbox (1.499pt too wide) in paragraph at lines 2691--2691
[]      \T1/lmtt/m/n/10 -16.70252          0.74038          0.01754          1.
84053[] 
 []

[50]
Overfull \hbox (11.99896pt too wide) in paragraph at lines 2788--2788
[] \T1/lmtt/m/n/10 (Intercept)   log(income)  log(cigpric)          educ       
    age[] 
 []


Overfull \hbox (11.99896pt too wide) in paragraph at lines 2788--2788
[]   \T1/lmtt/m/n/10 -3.639826      0.880268     -0.750862     -0.501498      0
.770694[] 
 []

[51]
Overfull \hbox (11.99896pt too wide) in paragraph at lines 2788--2788
[] \T1/lmtt/m/n/10 (Intercept)   log(income)  log(cigpric)          educ       
    age[] 
 []


Overfull \hbox (11.99896pt too wide) in paragraph at lines 2788--2788
[]    \T1/lmtt/m/n/10 5.635463      1.295239     -2.940312     -0.463446      0
.481948[] 
 []


Overfull \hbox (1.499pt too wide) in paragraph at lines 2815--2815
[]\T1/lmtt/m/n/10 lm(formula = price ~ lotsize + sqrft + bdrms + I(fitted(orig)
^2) +[] 
 []


Overfull \hbox (43.49887pt too wide) in paragraph at lines 2815--2815
[]      \T1/lmtt/m/n/10 (Intercept)            lotsize              sqrft      
        bdrms[] 
 []


Overfull \hbox (43.49887pt too wide) in paragraph at lines 2815--2815
[]        \T1/lmtt/m/n/10 1.661e+02          1.537e-04          1.760e-02      
    2.175e+00[] 
 []

[52]
<MEM5220_R_files/figure-latex/unnamed-chunk-144-1.png, id=485, 883.3pt x 514.92
375pt>
File: MEM5220_R_files/figure-latex/unnamed-chunk-144-1.png Graphic file (type p
ng)
<use MEM5220_R_files/figure-latex/unnamed-chunk-144-1.png>
Package pdftex.def Info: MEM5220_R_files/figure-latex/unnamed-chunk-144-1.png  
used on input line 2956.
(pdftex.def)             Requested size: 241.48631pt x 140.77554pt.
[53]
<MEM5220_R_files/figure-latex/unnamed-chunk-145-1.png, id=496, 831.105pt x 468.
75125pt>
File: MEM5220_R_files/figure-latex/unnamed-chunk-145-1.png Graphic file (type p
ng)
<use MEM5220_R_files/figure-latex/unnamed-chunk-145-1.png>
Package pdftex.def Info: MEM5220_R_files/figure-latex/unnamed-chunk-145-1.png  
used on input line 2968.
(pdftex.def)             Requested size: 241.49617pt x 136.20616pt.
[54 <./MEM5220_R_files/figure-latex/unnamed-chunk-144-1.png> <./MEM5220_R_files
/figure-latex/unnamed-chunk-145-1.png>]
Overfull \hbox (69.7488pt too wide) in paragraph at lines 3015--3015
[]   \T1/lmtt/m/n/10 rank  salary    cost    LSAT     GPA  libvol faculty     a
ge  clsize   north[] 
 []


Overfull \hbox (69.7488pt too wide) in paragraph at lines 3015--3015
[]      \T1/lmtt/m/n/10 0       8       6       6       7       1       4      
45       3       0[] 
 []


Overfull \hbox (69.7488pt too wide) in paragraph at lines 3015--3015
[]  \T1/lmtt/m/n/10 south    east    west lsalary studfac   top10  r11_25  r26_
40  r41_60 llibvol[] 
 []


Overfull \hbox (69.7488pt too wide) in paragraph at lines 3015--3015
[]      \T1/lmtt/m/n/10 0       0       0       8       6       0       0      
 0       0       1[] 
 []


Overfull \hbox (64.49881pt too wide) in paragraph at lines 3015--3015
[]   \T1/lmtt/m/n/10 rank north south east west top10 r11_25 r26_40 r41_60 libv
ol llibvol clsize[] 
 []


Overfull \hbox (64.49881pt too wide) in paragraph at lines 3015--3015
[]\T1/lmtt/m/n/10 90    1     1     1    1    1     1      1      1      1     
 1       1      1[] 
 []


Overfull \hbox (64.49881pt too wide) in paragraph at lines 3015--3015
[]\T1/lmtt/m/n/10 41    1     1     1    1    1     1      1      1      1     
 1       1      1[] 
 []


Overfull \hbox (64.49881pt too wide) in paragraph at lines 3015--3015
[]\T1/lmtt/m/n/10 6     1     1     1    1    1     1      1      1      1     
 1       1      1[] 
 []


Overfull \hbox (64.49881pt too wide) in paragraph at lines 3015--3015
[]\T1/lmtt/m/n/10 1     1     1     1    1    1     1      1      1      1     
 1       1      1[] 
 []


Overfull \hbox (64.49881pt too wide) in paragraph at lines 3015--3015
[]\T1/lmtt/m/n/10 3     1     1     1    1    1     1      1      1      1     
 1       1      1[] 
 []


Overfull \hbox (64.49881pt too wide) in paragraph at lines 3015--3015
[]\T1/lmtt/m/n/10 1     1     1     1    1    1     1      1      1      1     
 1       1      1[] 
 []

[55]
<MEM5220_R_files/figure-latex/fig20-1.png, id=509, 851.18pt x 564.1075pt>
File: MEM5220_R_files/figure-latex/fig20-1.png Graphic file (type png)
<use MEM5220_R_files/figure-latex/fig20-1.png>
Package pdftex.def Info: MEM5220_R_files/figure-latex/fig20-1.png  used on inpu
t line 3045.
(pdftex.def)             Requested size: 276.00679pt x 182.91959pt.
[56 <./MEM5220_R_files/figure-latex/fig20-1.png>] [57] [58]
Chapter 2.
[59

]

Package natbib Warning: Citation `dalpiaz2016' on page 60 undefined on input li
ne 3183.

[60]
Overfull \hbox (53.99884pt too wide) in paragraph at lines 3879--3879
[]          \T1/lmtt/m/n/10 inlf hours kidslt6 kidsge6   age  educ  wage repwag
e hushrs husage[] 
 []


Overfull \hbox (53.99884pt too wide) in paragraph at lines 3879--3879
[]\T1/lmtt/m/n/10 inlf      1.00  0.74   -0.21    0.00 -0.08  0.19   NaN    0.6
3  -0.07  -0.07[] 
 []


Overfull \hbox (53.99884pt too wide) in paragraph at lines 3879--3879
[]\T1/lmtt/m/n/10 hours     0.74  1.00   -0.22   -0.09 -0.03  0.11 -0.10    0.6
1  -0.06  -0.03[] 
 []


Overfull \hbox (53.99884pt too wide) in paragraph at lines 3879--3879
[]\T1/lmtt/m/n/10 kidslt6  -0.21 -0.22    1.00    0.08 -0.43  0.11  0.03   -0.1
3   0.02  -0.44[] 
 []


Overfull \hbox (53.99884pt too wide) in paragraph at lines 3879--3879
[]\T1/lmtt/m/n/10 kidsge6   0.00 -0.09    0.08    1.00 -0.39 -0.06 -0.08   -0.0
7   0.10  -0.35[] 
 []


Overfull \hbox (53.99884pt too wide) in paragraph at lines 3879--3879
[]\T1/lmtt/m/n/10 age      -0.08 -0.03   -0.43   -0.39  1.00 -0.12  0.03   -0.0
6  -0.08   0.89[] 
 []


Overfull \hbox (53.99884pt too wide) in paragraph at lines 3879--3879
[]\T1/lmtt/m/n/10 educ      0.19  0.11    0.11   -0.06 -0.12  1.00  0.34    0.2
7   0.08  -0.13[] 
 []


Overfull \hbox (53.99884pt too wide) in paragraph at lines 3879--3879
[]\T1/lmtt/m/n/10 wage       NaN -0.10    0.03   -0.08  0.03  0.34  1.00    0.4
2  -0.03   0.03[] 
 []


Overfull \hbox (53.99884pt too wide) in paragraph at lines 3879--3879
[]\T1/lmtt/m/n/10 repwage   0.63  0.61   -0.13   -0.07 -0.06  0.27  0.42    1.0
0  -0.07  -0.06[] 
 []


Overfull \hbox (53.99884pt too wide) in paragraph at lines 3879--3879
[]\T1/lmtt/m/n/10 hushrs   -0.07 -0.06    0.02    0.10 -0.08  0.08 -0.03   -0.0
7   1.00  -0.10[] 
 []


Overfull \hbox (53.99884pt too wide) in paragraph at lines 3879--3879
[]\T1/lmtt/m/n/10 husage   -0.07 -0.03   -0.44   -0.35  0.89 -0.13  0.03   -0.0
6  -0.10   1.00[] 
 []


Overfull \hbox (53.99884pt too wide) in paragraph at lines 3879--3879
[]\T1/lmtt/m/n/10 huseduc   0.05 -0.01    0.13    0.01 -0.16  0.61  0.17    0.1
1   0.11  -0.20[] 
 []


Overfull \hbox (53.99884pt too wide) in paragraph at lines 3879--3879
[]\T1/lmtt/m/n/10 huswage  -0.07 -0.10    0.03   -0.03  0.03  0.28  0.22    0.0
2  -0.24   0.02[] 
 []


Overfull \hbox (53.99884pt too wide) in paragraph at lines 3879--3879
[]\T1/lmtt/m/n/10 faminc    0.10  0.15   -0.03   -0.02  0.05  0.36  0.30    0.2
1   0.13   0.04[] 
 []


Overfull \hbox (53.99884pt too wide) in paragraph at lines 3879--3879
[]\T1/lmtt/m/n/10 mtr      -0.14 -0.19    0.06    0.15 -0.06 -0.41 -0.31   -0.2
4  -0.14  -0.04[] 
 []


Overfull \hbox (53.99884pt too wide) in paragraph at lines 3879--3879
[]\T1/lmtt/m/n/10 motheduc  0.09  0.06    0.11    0.03 -0.23  0.44  0.06    0.0
9   0.05  -0.23[] 
 []


Overfull \hbox (53.99884pt too wide) in paragraph at lines 3879--3879
[]\T1/lmtt/m/n/10 fatheduc  0.06  0.01    0.10   -0.03 -0.16  0.44  0.11    0.1
0   0.05  -0.14[] 
 []


Overfull \hbox (53.99884pt too wide) in paragraph at lines 3879--3879
[]\T1/lmtt/m/n/10 unem     -0.03 -0.06   -0.01    0.01  0.08  0.07  0.03    0.0
1  -0.16   0.05[] 
 []


Overfull \hbox (53.99884pt too wide) in paragraph at lines 3879--3879
[]\T1/lmtt/m/n/10 city     -0.01 -0.02   -0.04   -0.03  0.10  0.16  0.12    0.0
9  -0.11   0.07[] 
 []


Overfull \hbox (53.99884pt too wide) in paragraph at lines 3879--3879
[]\T1/lmtt/m/n/10 exper     0.34  0.40   -0.19   -0.30  0.33  0.07  0.05    0.3
4  -0.10   0.27[] 
 []


Overfull \hbox (53.99884pt too wide) in paragraph at lines 3879--3879
[]\T1/lmtt/m/n/10 nwifeinc -0.12 -0.12    0.04    0.02  0.06  0.28  0.14   -0.0
6   0.16   0.05[] 
 []


Overfull \hbox (53.99884pt too wide) in paragraph at lines 3879--3879
[]\T1/lmtt/m/n/10 lwage      NaN -0.02   -0.02   -0.12  0.05  0.34  0.83    0.5
1   0.00   0.04[] 
 []


Overfull \hbox (53.99884pt too wide) in paragraph at lines 3879--3879
[]\T1/lmtt/m/n/10 expersq   0.26  0.34   -0.18   -0.30  0.38  0.02  0.04    0.2
8  -0.07   0.31[] 
 []


Overfull \hbox (38.24889pt too wide) in paragraph at lines 3879--3879
[]         \T1/lmtt/m/n/10 huseduc huswage faminc   mtr motheduc fatheduc  unem
  city exper[] 
 []


Overfull \hbox (38.24889pt too wide) in paragraph at lines 3879--3879
[]\T1/lmtt/m/n/10 inlf        0.05   -0.07   0.10 -0.14     0.09     0.06 -0.03
 -0.01  0.34[] 
 []


Overfull \hbox (38.24889pt too wide) in paragraph at lines 3879--3879
[]\T1/lmtt/m/n/10 hours      -0.01   -0.10   0.15 -0.19     0.06     0.01 -0.06
 -0.02  0.40[] 
 []


Overfull \hbox (38.24889pt too wide) in paragraph at lines 3879--3879
[]\T1/lmtt/m/n/10 kidslt6     0.13    0.03  -0.03  0.06     0.11     0.10 -0.01
 -0.04 -0.19[] 
 []


Overfull \hbox (38.24889pt too wide) in paragraph at lines 3879--3879
[]\T1/lmtt/m/n/10 kidsge6     0.01   -0.03  -0.02  0.15     0.03    -0.03  0.01
 -0.03 -0.30[] 
 []


Overfull \hbox (38.24889pt too wide) in paragraph at lines 3879--3879
[]\T1/lmtt/m/n/10 age        -0.16    0.03   0.05 -0.06    -0.23    -0.16  0.08
  0.10  0.33[] 
 []


Overfull \hbox (38.24889pt too wide) in paragraph at lines 3879--3879
[]\T1/lmtt/m/n/10 educ        0.61    0.28   0.36 -0.41     0.44     0.44  0.07
  0.16  0.07[] 
 []


Overfull \hbox (38.24889pt too wide) in paragraph at lines 3879--3879
[]\T1/lmtt/m/n/10 wage        0.17    0.22   0.30 -0.31     0.06     0.11  0.03
  0.12  0.05[] 
 []


Overfull \hbox (38.24889pt too wide) in paragraph at lines 3879--3879
[]\T1/lmtt/m/n/10 repwage     0.11    0.02   0.21 -0.24     0.09     0.10  0.01
  0.09  0.34[] 
 []


Overfull \hbox (38.24889pt too wide) in paragraph at lines 3879--3879
[]\T1/lmtt/m/n/10 hushrs      0.11   -0.24   0.13 -0.14     0.05     0.05 -0.16
 -0.11 -0.10[] 
 []

[61]
Overfull \hbox (38.24889pt too wide) in paragraph at lines 3879--3879
[]\T1/lmtt/m/n/10 husage     -0.20    0.02   0.04 -0.04    -0.23    -0.14  0.05
  0.07  0.27[] 
 []


Overfull \hbox (38.24889pt too wide) in paragraph at lines 3879--3879
[]\T1/lmtt/m/n/10 huseduc     1.00    0.39   0.38 -0.44     0.32     0.37  0.06
  0.23 -0.04[] 
 []


Overfull \hbox (38.24889pt too wide) in paragraph at lines 3879--3879
[]\T1/lmtt/m/n/10 huswage     0.39    1.00   0.73 -0.72     0.13     0.19  0.16
  0.32 -0.10[] 
 []


Overfull \hbox (38.24889pt too wide) in paragraph at lines 3879--3879
[]\T1/lmtt/m/n/10 faminc      0.38    0.73   1.00 -0.88     0.16     0.21  0.06
  0.25 -0.03[] 
 []


Overfull \hbox (38.24889pt too wide) in paragraph at lines 3879--3879
[]\T1/lmtt/m/n/10 mtr        -0.44   -0.72  -0.88  1.00    -0.19    -0.25 -0.06
 -0.26 -0.03[] 
 []


Overfull \hbox (38.24889pt too wide) in paragraph at lines 3879--3879
[]\T1/lmtt/m/n/10 motheduc    0.32    0.13   0.16 -0.19     1.00     0.57  0.02
  0.07 -0.08[] 
 []


Overfull \hbox (38.24889pt too wide) in paragraph at lines 3879--3879
[]\T1/lmtt/m/n/10 fatheduc    0.37    0.19   0.21 -0.25     0.57     1.00  0.06
  0.15 -0.08[] 
 []


Overfull \hbox (38.24889pt too wide) in paragraph at lines 3879--3879
[]\T1/lmtt/m/n/10 unem        0.06    0.16   0.06 -0.06     0.02     0.06  1.00
  0.18  0.00[] 
 []


Overfull \hbox (38.24889pt too wide) in paragraph at lines 3879--3879
[]\T1/lmtt/m/n/10 city        0.23    0.32   0.25 -0.26     0.07     0.15  0.18
  1.00  0.01[] 
 []


Overfull \hbox (38.24889pt too wide) in paragraph at lines 3879--3879
[]\T1/lmtt/m/n/10 exper      -0.04   -0.10  -0.03 -0.03    -0.08    -0.08  0.00
  0.01  1.00[] 
 []


Overfull \hbox (38.24889pt too wide) in paragraph at lines 3879--3879
[]\T1/lmtt/m/n/10 nwifeinc    0.36    0.76   0.94 -0.81     0.13     0.19  0.07
  0.24 -0.17[] 
 []


Overfull \hbox (38.24889pt too wide) in paragraph at lines 3879--3879
[]\T1/lmtt/m/n/10 lwage       0.16    0.17   0.35 -0.37     0.05     0.08  0.04
  0.10  0.17[] 
 []


Overfull \hbox (38.24889pt too wide) in paragraph at lines 3879--3879
[]\T1/lmtt/m/n/10 expersq    -0.07   -0.12  -0.04 -0.02    -0.10    -0.10 -0.02
 -0.01  0.94[] 
 []


Overfull \hbox (69.7488pt too wide) in paragraph at lines 3879--3879
[]         \T1/lmtt/m/n/10 inlf hours kidslt6 kidsge6 age educ wage repwage hus
hrs husage huseduc[] 
 []


Overfull \hbox (69.7488pt too wide) in paragraph at lines 3879--3879
[]\T1/lmtt/m/n/10 inlf      753   753     753     753 753  753  428     753    
753    753     753[] 
 []


Overfull \hbox (69.7488pt too wide) in paragraph at lines 3879--3879
[]\T1/lmtt/m/n/10 hours     753   753     753     753 753  753  428     753    
753    753     753[] 
 []


Overfull \hbox (69.7488pt too wide) in paragraph at lines 3879--3879
[]\T1/lmtt/m/n/10 kidslt6   753   753     753     753 753  753  428     753    
753    753     753[] 
 []


Overfull \hbox (69.7488pt too wide) in paragraph at lines 3879--3879
[]\T1/lmtt/m/n/10 kidsge6   753   753     753     753 753  753  428     753    
753    753     753[] 
 []


Overfull \hbox (69.7488pt too wide) in paragraph at lines 3879--3879
[]\T1/lmtt/m/n/10 age       753   753     753     753 753  753  428     753    
753    753     753[] 
 []


Overfull \hbox (69.7488pt too wide) in paragraph at lines 3879--3879
[]\T1/lmtt/m/n/10 educ      753   753     753     753 753  753  428     753    
753    753     753[] 
 []


Overfull \hbox (69.7488pt too wide) in paragraph at lines 3879--3879
[]\T1/lmtt/m/n/10 wage      428   428     428     428 428  428  428     428    
428    428     428[] 
 []

[62]
Overfull \hbox (69.7488pt too wide) in paragraph at lines 3879--3879
[]\T1/lmtt/m/n/10 repwage   753   753     753     753 753  753  428     753    
753    753     753[] 
 []


Overfull \hbox (69.7488pt too wide) in paragraph at lines 3879--3879
[]\T1/lmtt/m/n/10 hushrs    753   753     753     753 753  753  428     753    
753    753     753[] 
 []


Overfull \hbox (69.7488pt too wide) in paragraph at lines 3879--3879
[]\T1/lmtt/m/n/10 husage    753   753     753     753 753  753  428     753    
753    753     753[] 
 []


Overfull \hbox (69.7488pt too wide) in paragraph at lines 3879--3879
[]\T1/lmtt/m/n/10 huseduc   753   753     753     753 753  753  428     753    
753    753     753[] 
 []


Overfull \hbox (69.7488pt too wide) in paragraph at lines 3879--3879
[]\T1/lmtt/m/n/10 huswage   753   753     753     753 753  753  428     753    
753    753     753[] 
 []


Overfull \hbox (69.7488pt too wide) in paragraph at lines 3879--3879
[]\T1/lmtt/m/n/10 faminc    753   753     753     753 753  753  428     753    
753    753     753[] 
 []


Overfull \hbox (69.7488pt too wide) in paragraph at lines 3879--3879
[]\T1/lmtt/m/n/10 mtr       753   753     753     753 753  753  428     753    
753    753     753[] 
 []


Overfull \hbox (69.7488pt too wide) in paragraph at lines 3879--3879
[]\T1/lmtt/m/n/10 motheduc  753   753     753     753 753  753  428     753    
753    753     753[] 
 []


Overfull \hbox (69.7488pt too wide) in paragraph at lines 3879--3879
[]\T1/lmtt/m/n/10 fatheduc  753   753     753     753 753  753  428     753    
753    753     753[] 
 []


Overfull \hbox (69.7488pt too wide) in paragraph at lines 3879--3879
[]\T1/lmtt/m/n/10 unem      753   753     753     753 753  753  428     753    
753    753     753[] 
 []


Overfull \hbox (69.7488pt too wide) in paragraph at lines 3879--3879
[]\T1/lmtt/m/n/10 city      753   753     753     753 753  753  428     753    
753    753     753[] 
 []


Overfull \hbox (69.7488pt too wide) in paragraph at lines 3879--3879
[]\T1/lmtt/m/n/10 exper     753   753     753     753 753  753  428     753    
753    753     753[] 
 []


Overfull \hbox (69.7488pt too wide) in paragraph at lines 3879--3879
[]\T1/lmtt/m/n/10 nwifeinc  753   753     753     753 753  753  428     753    
753    753     753[] 
 []


Overfull \hbox (69.7488pt too wide) in paragraph at lines 3879--3879
[]\T1/lmtt/m/n/10 lwage     428   428     428     428 428  428  428     428    
428    428     428[] 
 []


Overfull \hbox (69.7488pt too wide) in paragraph at lines 3879--3879
[]\T1/lmtt/m/n/10 expersq   753   753     753     753 753  753  428     753    
753    753     753[] 
 []


Overfull \hbox (53.99884pt too wide) in paragraph at lines 3879--3879
[]         \T1/lmtt/m/n/10 huswage faminc mtr motheduc fatheduc unem city exper
 nwifeinc lwage[] 
 []


Overfull \hbox (53.99884pt too wide) in paragraph at lines 3879--3879
[]\T1/lmtt/m/n/10 inlf         753    753 753      753      753  753  753   753
      753   428[] 
 []


Overfull \hbox (53.99884pt too wide) in paragraph at lines 3879--3879
[]\T1/lmtt/m/n/10 hours        753    753 753      753      753  753  753   753
      753   428[] 
 []


Overfull \hbox (53.99884pt too wide) in paragraph at lines 3879--3879
[]\T1/lmtt/m/n/10 kidslt6      753    753 753      753      753  753  753   753
      753   428[] 
 []


Overfull \hbox (53.99884pt too wide) in paragraph at lines 3879--3879
[]\T1/lmtt/m/n/10 kidsge6      753    753 753      753      753  753  753   753
      753   428[] 
 []


Overfull \hbox (53.99884pt too wide) in paragraph at lines 3879--3879
[]\T1/lmtt/m/n/10 age          753    753 753      753      753  753  753   753
      753   428[] 
 []


Overfull \hbox (53.99884pt too wide) in paragraph at lines 3879--3879
[]\T1/lmtt/m/n/10 educ         753    753 753      753      753  753  753   753
      753   428[] 
 []


Overfull \hbox (53.99884pt too wide) in paragraph at lines 3879--3879
[]\T1/lmtt/m/n/10 wage         428    428 428      428      428  428  428   428
      428   428[] 
 []


Overfull \hbox (53.99884pt too wide) in paragraph at lines 3879--3879
[]\T1/lmtt/m/n/10 repwage      753    753 753      753      753  753  753   753
      753   428[] 
 []


Overfull \hbox (53.99884pt too wide) in paragraph at lines 3879--3879
[]\T1/lmtt/m/n/10 hushrs       753    753 753      753      753  753  753   753
      753   428[] 
 []


Overfull \hbox (53.99884pt too wide) in paragraph at lines 3879--3879
[]\T1/lmtt/m/n/10 husage       753    753 753      753      753  753  753   753
      753   428[] 
 []


Overfull \hbox (53.99884pt too wide) in paragraph at lines 3879--3879
[]\T1/lmtt/m/n/10 huseduc      753    753 753      753      753  753  753   753
      753   428[] 
 []


Overfull \hbox (53.99884pt too wide) in paragraph at lines 3879--3879
[]\T1/lmtt/m/n/10 huswage      753    753 753      753      753  753  753   753
      753   428[] 
 []


Overfull \hbox (53.99884pt too wide) in paragraph at lines 3879--3879
[]\T1/lmtt/m/n/10 faminc       753    753 753      753      753  753  753   753
      753   428[] 
 []


Overfull \hbox (53.99884pt too wide) in paragraph at lines 3879--3879
[]\T1/lmtt/m/n/10 mtr          753    753 753      753      753  753  753   753
      753   428[] 
 []


Overfull \hbox (53.99884pt too wide) in paragraph at lines 3879--3879
[]\T1/lmtt/m/n/10 motheduc     753    753 753      753      753  753  753   753
      753   428[] 
 []


Overfull \hbox (53.99884pt too wide) in paragraph at lines 3879--3879
[]\T1/lmtt/m/n/10 fatheduc     753    753 753      753      753  753  753   753
      753   428[] 
 []


Overfull \hbox (53.99884pt too wide) in paragraph at lines 3879--3879
[]\T1/lmtt/m/n/10 unem         753    753 753      753      753  753  753   753
      753   428[] 
 []


Overfull \hbox (53.99884pt too wide) in paragraph at lines 3879--3879
[]\T1/lmtt/m/n/10 city         753    753 753      753      753  753  753   753
      753   428[] 
 []


Overfull \hbox (53.99884pt too wide) in paragraph at lines 3879--3879
[]\T1/lmtt/m/n/10 exper        753    753 753      753      753  753  753   753
      753   428[] 
 []


Overfull \hbox (53.99884pt too wide) in paragraph at lines 3879--3879
[]\T1/lmtt/m/n/10 nwifeinc     753    753 753      753      753  753  753   753
      753   428[] 
 []


Overfull \hbox (53.99884pt too wide) in paragraph at lines 3879--3879
[]\T1/lmtt/m/n/10 lwage        428    428 428      428      428  428  428   428
      428   428[] 
 []


Overfull \hbox (53.99884pt too wide) in paragraph at lines 3879--3879
[]\T1/lmtt/m/n/10 expersq      753    753 753      753      753  753  753   753
      753   428[] 
 []

[63]
Overfull \hbox (43.49887pt too wide) in paragraph at lines 3879--3879
[]         \T1/lmtt/m/n/10 inlf   hours  kidslt6 kidsge6 age    educ   wage   r
epwage hushrs[] 
 []


Overfull \hbox (43.49887pt too wide) in paragraph at lines 3879--3879
[]\T1/lmtt/m/n/10 inlf            0.0000 0.0000  0.9470  0.0272 0.0000        0
.0000  0.0738[] 
 []


Overfull \hbox (43.49887pt too wide) in paragraph at lines 3879--3879
[]\T1/lmtt/m/n/10 hours    0.0000        0.0000  0.0128  0.3642 0.0036 0.0435 0
.0000  0.1224[] 
 []


Overfull \hbox (43.49887pt too wide) in paragraph at lines 3879--3879
[]\T1/lmtt/m/n/10 kidslt6  0.0000 0.0000         0.0209  0.0000 0.0028 0.5168 0
.0002  0.5057[] 
 []


Overfull \hbox (43.49887pt too wide) in paragraph at lines 3879--3879
[]\T1/lmtt/m/n/10 kidsge6  0.9470 0.0128 0.0209          0.0000 0.1063 0.1017 0
.0596  0.0063[] 
 []


Overfull \hbox (43.49887pt too wide) in paragraph at lines 3879--3879
[]\T1/lmtt/m/n/10 age      0.0272 0.3642 0.0000  0.0000         0.0009 0.5306 0
.1098  0.0206[] 
 []


Overfull \hbox (43.49887pt too wide) in paragraph at lines 3879--3879
[]\T1/lmtt/m/n/10 educ     0.0000 0.0036 0.0028  0.1063  0.0009        0.0000 0
.0000  0.0304[] 
 []


Overfull \hbox (43.49887pt too wide) in paragraph at lines 3879--3879
[]\T1/lmtt/m/n/10 wage            0.0435 0.5168  0.1017  0.5306 0.0000        0
.0000  0.5061[] 
 []


Overfull \hbox (43.49887pt too wide) in paragraph at lines 3879--3879
[]\T1/lmtt/m/n/10 repwage  0.0000 0.0000 0.0002  0.0596  0.1098 0.0000 0.0000  
       0.0521[] 
 []


Overfull \hbox (1.499pt too wide) in paragraph at lines 3879--3879
[]\T1/lmtt/m/n/10 hushrs   0.0738 0.1224 0.5057  0.0063  0.0206 0.0304 0.5061 0
.0521[] 
 []


Overfull \hbox (43.49887pt too wide) in paragraph at lines 3879--3879
[]\T1/lmtt/m/n/10 husage   0.0458 0.3943 0.0000  0.0000  0.0000 0.0002 0.5966 0
.1288  0.0088[] 
 []


Overfull \hbox (43.49887pt too wide) in paragraph at lines 3879--3879
[]\T1/lmtt/m/n/10 huseduc  0.2082 0.7915 0.0002  0.7960  0.0000 0.0000 0.0006 0
.0033  0.0030[] 
 []


Overfull \hbox (43.49887pt too wide) in paragraph at lines 3879--3879
[]\T1/lmtt/m/n/10 huswage  0.0567 0.0068 0.3749  0.4156  0.4592 0.0000 0.0000 0
.5974  0.0000[] 
 []


Overfull \hbox (43.49887pt too wide) in paragraph at lines 3879--3879
[]\T1/lmtt/m/n/10 faminc   0.0066 0.0000 0.4465  0.5930  0.1505 0.0000 0.0000 0
.0000  0.0004[] 
 []


Overfull \hbox (43.49887pt too wide) in paragraph at lines 3879--3879
[]\T1/lmtt/m/n/10 mtr      0.0000 0.0000 0.1010  0.0000  0.1037 0.0000 0.0000 0
.0000  0.0002[] 
 []


Overfull \hbox (43.49887pt too wide) in paragraph at lines 3879--3879
[]\T1/lmtt/m/n/10 motheduc 0.0130 0.1126 0.0031  0.3749  0.0000 0.0000 0.2387 0
.0188  0.1436[] 
 []


Overfull \hbox (43.49887pt too wide) in paragraph at lines 3879--3879
[]\T1/lmtt/m/n/10 fatheduc 0.1135 0.7080 0.0083  0.4622  0.0000 0.0000 0.0258 0
.0048  0.1676[] 
 []


Overfull \hbox (43.49887pt too wide) in paragraph at lines 3879--3879
[]\T1/lmtt/m/n/10 unem     0.4311 0.0983 0.8042  0.6956  0.0345 0.0478 0.5054 0
.8026  0.0000[] 
 []


Overfull \hbox (43.49887pt too wide) in paragraph at lines 3879--3879
[]\T1/lmtt/m/n/10 city     0.8658 0.6568 0.2426  0.3577  0.0081 0.0000 0.0135 0
.0164  0.0020[] 
 []


Overfull \hbox (43.49887pt too wide) in paragraph at lines 3879--3879
[]\T1/lmtt/m/n/10 exper    0.0000 0.0000 0.0000  0.0000  0.0000 0.0692 0.2563 0
.0000  0.0064[] 
 []


Overfull \hbox (43.49887pt too wide) in paragraph at lines 3879--3879
[]\T1/lmtt/m/n/10 nwifeinc 0.0012 0.0006 0.2951  0.4974  0.1078 0.0000 0.0032 0
.1258  0.0000[] 
 []


Overfull \hbox (43.49887pt too wide) in paragraph at lines 3879--3879
[]\T1/lmtt/m/n/10 lwage           0.7315 0.7026  0.0130  0.2569 0.0000 0.0000 0
.0000  0.9378[] 
 []


Overfull \hbox (43.49887pt too wide) in paragraph at lines 3879--3879
[]\T1/lmtt/m/n/10 expersq  0.0000 0.0000 0.0000  0.0000  0.0000 0.5084 0.3814 0
.0000  0.0406[] 
 []


Overfull \hbox (48.74886pt too wide) in paragraph at lines 3879--3879
[]         \T1/lmtt/m/n/10 husage huseduc huswage faminc mtr    motheduc fathed
uc unem   city[] 
 []


Overfull \hbox (59.24883pt too wide) in paragraph at lines 3879--3879
[]\T1/lmtt/m/n/10 inlf     0.0458 0.2082  0.0567  0.0066 0.0000 0.0130   0.1135
   0.4311 0.8658[] 
 []


Overfull \hbox (59.24883pt too wide) in paragraph at lines 3879--3879
[]\T1/lmtt/m/n/10 hours    0.3943 0.7915  0.0068  0.0000 0.0000 0.1126   0.7080
   0.0983 0.6568[] 
 []


Overfull \hbox (59.24883pt too wide) in paragraph at lines 3879--3879
[]\T1/lmtt/m/n/10 kidslt6  0.0000 0.0002  0.3749  0.4465 0.1010 0.0031   0.0083
   0.8042 0.2426[] 
 []


Overfull \hbox (59.24883pt too wide) in paragraph at lines 3879--3879
[]\T1/lmtt/m/n/10 kidsge6  0.0000 0.7960  0.4156  0.5930 0.0000 0.3749   0.4622
   0.6956 0.3577[] 
 []


Overfull \hbox (59.24883pt too wide) in paragraph at lines 3879--3879
[]\T1/lmtt/m/n/10 age      0.0000 0.0000  0.4592  0.1505 0.1037 0.0000   0.0000
   0.0345 0.0081[] 
 []

[64]
Overfull \hbox (59.24883pt too wide) in paragraph at lines 3879--3879
[]\T1/lmtt/m/n/10 educ     0.0002 0.0000  0.0000  0.0000 0.0000 0.0000   0.0000
   0.0478 0.0000[] 
 []


Overfull \hbox (59.24883pt too wide) in paragraph at lines 3879--3879
[]\T1/lmtt/m/n/10 wage     0.5966 0.0006  0.0000  0.0000 0.0000 0.2387   0.0258
   0.5054 0.0135[] 
 []


Overfull \hbox (59.24883pt too wide) in paragraph at lines 3879--3879
[]\T1/lmtt/m/n/10 repwage  0.1288 0.0033  0.5974  0.0000 0.0000 0.0188   0.0048
   0.8026 0.0164[] 
 []


Overfull \hbox (59.24883pt too wide) in paragraph at lines 3879--3879
[]\T1/lmtt/m/n/10 hushrs   0.0088 0.0030  0.0000  0.0004 0.0002 0.1436   0.1676
   0.0000 0.0020[] 
 []


Overfull \hbox (59.24883pt too wide) in paragraph at lines 3879--3879
[]\T1/lmtt/m/n/10 husage          0.0000  0.5897  0.2670 0.2214 0.0000   0.0002
   0.1455 0.0636[] 
 []


Overfull \hbox (59.24883pt too wide) in paragraph at lines 3879--3879
[]\T1/lmtt/m/n/10 huseduc  0.0000         0.0000  0.0000 0.0000 0.0000   0.0000
   0.1315 0.0000[] 
 []


Overfull \hbox (59.24883pt too wide) in paragraph at lines 3879--3879
[]\T1/lmtt/m/n/10 huswage  0.5897 0.0000          0.0000 0.0000 0.0005   0.0000
   0.0000 0.0000[] 
 []


Overfull \hbox (59.24883pt too wide) in paragraph at lines 3879--3879
[]\T1/lmtt/m/n/10 faminc   0.2670 0.0000  0.0000         0.0000 0.0000   0.0000
   0.0916 0.0000[] 
 []


Overfull \hbox (59.24883pt too wide) in paragraph at lines 3879--3879
[]\T1/lmtt/m/n/10 mtr      0.2214 0.0000  0.0000  0.0000        0.0000   0.0000
   0.1138 0.0000[] 
 []


Overfull \hbox (59.24883pt too wide) in paragraph at lines 3879--3879
[]\T1/lmtt/m/n/10 motheduc 0.0000 0.0000  0.0005  0.0000 0.0000          0.0000
   0.6141 0.0623[] 
 []


Overfull \hbox (59.24883pt too wide) in paragraph at lines 3879--3879
[]\T1/lmtt/m/n/10 fatheduc 0.0002 0.0000  0.0000  0.0000 0.0000 0.0000         
   0.1085 0.0000[] 
 []


Overfull \hbox (59.24883pt too wide) in paragraph at lines 3879--3879
[]\T1/lmtt/m/n/10 unem     0.1455 0.1315  0.0000  0.0916 0.1138 0.6141   0.1085
          0.0000[] 
 []


Overfull \hbox (22.49893pt too wide) in paragraph at lines 3879--3879
[]\T1/lmtt/m/n/10 city     0.0636 0.0000  0.0000  0.0000 0.0000 0.0623   0.0000
   0.0000[] 
 []


Overfull \hbox (59.24883pt too wide) in paragraph at lines 3879--3879
[]\T1/lmtt/m/n/10 exper    0.0000 0.3198  0.0045  0.4478 0.3725 0.0241   0.0306
   0.9033 0.7583[] 
 []


Overfull \hbox (59.24883pt too wide) in paragraph at lines 3879--3879
[]\T1/lmtt/m/n/10 nwifeinc 0.2091 0.0000  0.0000  0.0000 0.0000 0.0004   0.0000
   0.0398 0.0000[] 
 []


Overfull \hbox (59.24883pt too wide) in paragraph at lines 3879--3879
[]\T1/lmtt/m/n/10 lwage    0.4211 0.0010  0.0005  0.0000 0.0000 0.3305   0.1086
   0.3933 0.0446[] 
 []


Overfull \hbox (59.24883pt too wide) in paragraph at lines 3879--3879
[]\T1/lmtt/m/n/10 expersq  0.0000 0.0413  0.0011  0.2458 0.6564 0.0060   0.0068
   0.5108 0.7565[] 
 []

[65]
Overfull \hbox (11.99896pt too wide) in paragraph at lines 3964--3964
[]    \T1/lmtt/m/n/10 kidslt6 + kidsge6, family = binomial(link = logit), data 
= mroz)[] 
 []

[66]
Overfull \hbox (27.74892pt too wide) in paragraph at lines 4000--4000
[]\T1/lmtt/m/n/10 (Intercept)    nwifeinc        educ       exper  I(exper^2)  
       age[] 
 []


Overfull \hbox (27.74892pt too wide) in paragraph at lines 4000--4000
[]  \T1/lmtt/m/n/10 1.5302825   0.9788810   1.2475360   1.2285929   0.9968509  
 0.9157386[] 
 []

[67] [68]

Package natbib Warning: Citation `Adkins2014' on page 69 undefined on input lin
e 4067.


Underfull \hbox (badness 2680) in paragraph at lines 4117--4118
[]\T1/lmr/m/n/10 (+20) The R pack-age \T1/lmr/bx/n/10 MCM-C-pack \T1/lmr/m/n/10
 (+20) is again used here, with its func-tion
 []

[69]
<MEM5220_R_files/figure-latex/fig21-1.png, id=592, 832.10875pt x 517.935pt>
File: MEM5220_R_files/figure-latex/fig21-1.png Graphic file (type png)
<use MEM5220_R_files/figure-latex/fig21-1.png>
Package pdftex.def Info: MEM5220_R_files/figure-latex/fig21-1.png  used on inpu
t line 4157.
(pdftex.def)             Requested size: 275.9934pt x 171.7884pt.

Overfull \hbox (17.24895pt too wide) in paragraph at lines 4195--4195
[]    \T1/lmtt/m/n/10 kidslt6 + kidsge6, family = binomial(link = probit), data
 = mroz)[] 
 []

[70 <./MEM5220_R_files/figure-latex/fig21-1.png>]
! Missing $ inserted.
<inserted text> 
                $
l.4257 ...per\verb|^|2) \hspace{6pt}\huxbpad{6pt}}
                                                   & 
Here is how much of TeX's memory you used:
 19400 strings out of 479485
 333001 string characters out of 5871977
 739839 words of memory out of 5000000
 35619 multiletter control sequences out of 15000+600000
 657026 words of font info for 173 fonts, out of 8000000 for 9000
 1141 hyphenation exceptions out of 8191
 79i,13n,85p,1246b,884s stack positions out of 5000i,500n,10000p,200000b,80000s

!  ==> Fatal error occurred, no output PDF file produced!
